Change Component Description : Designator=U2 Old Description=Charge Controller Li-Ion/Li-Pol 15mA to 500mA 4.2V 8-Pin DFN EP New Description=Charge Controller Li-Ion/Li-Pol 15mA to 500mA 4.2V 8-Pin DFN EP | Microchip Technology Inc. MCP73831-2ACI/MC
Change Component Description : Designator=D1 Old Description=SMD LED 0805 YG 7 New Description=SMD LED 0805 YG 7 | Dialight 597-5411-407F
Added Component: Designator=S1(SW_MINI-SPDT-SW)
Add component (AddParameter): Name = "Availability"; Value = "Unavailable"; VariantName = "[No Variations]"
Add component (AddParameter): Name = "MF"; Value = ""; VariantName = "[No Variations]"
Add component (AddParameter): Name = "MP"; Value = "MINI-SPDT-SW"; VariantName = "[No Variations]"
Add component (AddParameter): Name = "Package"; Value = "None"; VariantName = "[No Variations]"
Add component (AddParameter): Name = "Price"; Value = "None"; VariantName = "[No Variations]"
Add component (AddParameter): Name = "Value"; Value = ""; VariantName = "[No Variations]"
Added Component: Designator=S2(SW_MINI-SPDT-SW)
Add component (AddParameter): Name = "Availability"; Value = "Unavailable"; VariantName = "[No Variations]"
Add component (AddParameter): Name = "MF"; Value = ""; VariantName = "[No Variations]"
Add component (AddParameter): Name = "MP"; Value = "MINI-SPDT-SW"; VariantName = "[No Variations]"
Add component (AddParameter): Name = "Package"; Value = "None"; VariantName = "[No Variations]"
Add component (AddParameter): Name = "Price"; Value = "None"; VariantName = "[No Variations]"
Add component (AddParameter): Name = "Value"; Value = ""; VariantName = "[No Variations]"
Added Pin To Net: NetName=INA1 Pin=S1-1
Added Pin To Net: NetName=OUT KD Pin=S1-2
Added Pin To Net: NetName=INA2 Pin=S1-3
Added Pin To Net: NetName=OUT_H Pin=S2-1
Added Pin To Net: NetName=OUT Pin=S2-2
Added Pin To Net: NetName=OUT_L Pin=S2-3
