Replace Part C1 CL10B104KB8NNNC in D:\Code\AltiumPCB\HeartSoundClone\Sheet2.SchDoc with CL10B104KB8NNNC from Cap0603.IntLib
Replace Part C2 CL10B104KB8NNNC in D:\Code\AltiumPCB\HeartSoundClone\Sheet2.SchDoc with CL10B104KB8NNNC from Cap0603.IntLib
Replace Part C3 CL10B104KB8NNNC in D:\Code\AltiumPCB\HeartSoundClone\Sheet2.SchDoc with CL10B104KB8NNNC from Cap0603.IntLib
Replace Part C4 CL10B104KB8NNNC in D:\Code\AltiumPCB\HeartSoundClone\Sheet2.SchDoc with CL10B104KB8NNNC from Cap0603.IntLib
Replace Part C5 CL10B104KB8NNNC in D:\Code\AltiumPCB\HeartSoundClone\Sheet2.SchDoc with CL10B104KB8NNNC from Cap0603.IntLib
Replace Part C6 CL10B104KB8NNNC in D:\Code\AltiumPCB\HeartSoundClone\Sheet2.SchDoc with CL10B104KB8NNNC from Cap0603.IntLib
Replace Part C7 CL10B104KB8NNNC in D:\Code\AltiumPCB\HeartSoundClone\Sheet2.SchDoc with CL10B104KB8NNNC from Cap0603.IntLib
Replace Part C8 CL10B104KB8NNNC in D:\Code\AltiumPCB\HeartSoundClone\Sheet2.SchDoc with CL10B104KB8NNNC from Cap0603.IntLib
Replace Part C9 CL10B104KB8NNNC in D:\Code\AltiumPCB\HeartSoundClone\Sheet2.SchDoc with CL10B104KB8NNNC from Cap0603.IntLib
Replace Part C10 CL10B104KB8NNNC in D:\Code\AltiumPCB\HeartSoundClone\Sheet2.SchDoc with CL10B104KB8NNNC from Cap0603.IntLib
Replace Part C11 CL10B104KB8NNNC in D:\Code\AltiumPCB\HeartSoundClone\Sheet2.SchDoc with CL10B104KB8NNNC from Cap0603.IntLib
Replace Part C12 CL10B104KB8NNNC in D:\Code\AltiumPCB\HeartSoundClone\Sheet2.SchDoc with CL10B104KB8NNNC from Cap0603.IntLib
Replace Part C13 CL10B104KB8NNNC in D:\Code\AltiumPCB\HeartSoundClone\Sheet2.SchDoc with CL10B104KB8NNNC from Cap0603.IntLib
Replace Part C14 CL10B104KB8NNNC in D:\Code\AltiumPCB\HeartSoundClone\Sheet2.SchDoc with CL10B104KB8NNNC from Cap0603.IntLib
Replace Part C15 CL10B104KB8NNNC in D:\Code\AltiumPCB\HeartSoundClone\Sheet2.SchDoc with CL10B104KB8NNNC from Cap0603.IntLib
Replace Part C16 CL10B104KB8NNNC in D:\Code\AltiumPCB\HeartSoundClone\Sheet2.SchDoc with CL10B104KB8NNNC from Cap0603.IntLib
Replace Part C17 CL10B104KB8NNNC in D:\Code\AltiumPCB\HeartSoundClone\Sheet2.SchDoc with CL10B104KB8NNNC from Cap0603.IntLib
Replace Part C18 CL10B104KB8NNNC in D:\Code\AltiumPCB\HeartSoundClone\Sheet2.SchDoc with CL10B104KB8NNNC from Cap0603.IntLib
Replace Part C19 CL10B104KB8NNNC in D:\Code\AltiumPCB\HeartSoundClone\Sheet2.SchDoc with CL10B104KB8NNNC from Cap0603.IntLib
Replace Part C20 CL10B104KB8NNNC in D:\Code\AltiumPCB\HeartSoundClone\Sheet2.SchDoc with CL10B104KB8NNNC from Cap0603.IntLib
Replace Part C21 CL10B104KB8NNNC in D:\Code\AltiumPCB\HeartSoundClone\Sheet2.SchDoc with CL10B104KB8NNNC from Cap0603.IntLib
Replace Part C22 CL10B104KB8NNNC in D:\Code\AltiumPCB\HeartSoundClone\Sheet2.SchDoc with CL10B104KB8NNNC from Cap0603.IntLib
Replace Part C23 CL10B104KB8NNNC in D:\Code\AltiumPCB\HeartSoundClone\Sheet2.SchDoc with CL10B104KB8NNNC from Cap0603.IntLib
Replace Part C24 CL10B104KB8NNNC in D:\Code\AltiumPCB\HeartSoundClone\Sheet2.SchDoc with CL10B104KB8NNNC from Cap0603.IntLib
Replace Part C25 CL10B104KB8NNNC in D:\Code\AltiumPCB\HeartSoundClone\Sheet2.SchDoc with CL10B104KB8NNNC from Cap0603.IntLib
Replace Part C26 CL10B104KB8NNNC in D:\Code\AltiumPCB\HeartSoundClone\Sheet2.SchDoc with CL10B104KB8NNNC from Cap0603.IntLib
Replace Part C27 CL10B104KB8NNNC in D:\Code\AltiumPCB\HeartSoundClone\Sheet2.SchDoc with CL10B104KB8NNNC from Cap0603.IntLib
Replace Part C28 CL10B104KB8NNNC in D:\Code\AltiumPCB\HeartSoundClone\Sheet2.SchDoc with CL10B104KB8NNNC from Cap0603.IntLib
Replace Part C29 CL10B104KB8NNNC in D:\Code\AltiumPCB\HeartSoundClone\Sheet2.SchDoc with CL10B104KB8NNNC from Cap0603.IntLib
Replace Part C30 CL10B104KB8NNNC in D:\Code\AltiumPCB\HeartSoundClone\Sheet2.SchDoc with CL10B104KB8NNNC from Cap0603.IntLib
Replace Part C31 CL10B104KB8NNNC in D:\Code\AltiumPCB\HeartSoundClone\Sheet2.SchDoc with CL10B104KB8NNNC from Cap0603.IntLib
Replace Part C32 CL10B104KB8NNNC in D:\Code\AltiumPCB\HeartSoundClone\Sheet2.SchDoc with CL10B104KB8NNNC from Cap0603.IntLib
Replace Part C33 CL10B104KB8NNNC in D:\Code\AltiumPCB\HeartSoundClone\Sheet2.SchDoc with CL10B104KB8NNNC from Cap0603.IntLib
Replace Part C34 CL10B104KB8NNNC in D:\Code\AltiumPCB\HeartSoundClone\Sheet2.SchDoc with CL10B104KB8NNNC from Cap0603.IntLib
Replace Part C35 CL10B104KB8NNNC in D:\Code\AltiumPCB\HeartSoundClone\Sheet2.SchDoc with CL10B104KB8NNNC from Cap0603.IntLib
Replace Part C36 CL10B104KB8NNNC in D:\Code\AltiumPCB\HeartSoundClone\Sheet2.SchDoc with CL10B104KB8NNNC from Cap0603.IntLib
Replace Part C37 CL10B104KB8NNNC in D:\Code\AltiumPCB\HeartSoundClone\Sheet2.SchDoc with CL10B104KB8NNNC from Cap0603.IntLib
Replace Part C38 CL10B104KB8NNNC in D:\Code\AltiumPCB\HeartSoundClone\Sheet2.SchDoc with CL10B104KB8NNNC from Cap0603.IntLib
Replace Part C39 CL10B104KB8NNNC in D:\Code\AltiumPCB\HeartSoundClone\Sheet2.SchDoc with CL10B104KB8NNNC from Cap0603.IntLib
Replace Part C40 CL10B104KB8NNNC in D:\Code\AltiumPCB\HeartSoundClone\Sheet2.SchDoc with CL10B104KB8NNNC from Cap0603.IntLib
Replace Part C41 CL10B104KB8NNNC in D:\Code\AltiumPCB\HeartSoundClone\Sheet2.SchDoc with CL10B104KB8NNNC from Cap0603.IntLib
Replace Part C42 CL10B104KB8NNNC in D:\Code\AltiumPCB\HeartSoundClone\Sheet2.SchDoc with CL10B104KB8NNNC from Cap0603.IntLib
Replace Part C43 CL10B104KB8NNNC in D:\Code\AltiumPCB\HeartSoundClone\Sheet2.SchDoc with CL10B104KB8NNNC from Cap0603.IntLib
Replace Part C44 CL10B104KB8NNNC in D:\Code\AltiumPCB\HeartSoundClone\Sheet2.SchDoc with CL10B104KB8NNNC from Cap0603.IntLib
Replace Part C45 CL10B104KB8NNNC in D:\Code\AltiumPCB\HeartSoundClone\Sheet2.SchDoc with CL10B104KB8NNNC from Cap0603.IntLib
Replace Part C46 CL10B104KB8NNNC in D:\Code\AltiumPCB\HeartSoundClone\Sheet2.SchDoc with CL10B104KB8NNNC from Cap0603.IntLib
Replace Part C47 CL10B104KB8NNNC in D:\Code\AltiumPCB\HeartSoundClone\Sheet2.SchDoc with CL10B104KB8NNNC from Cap0603.IntLib
Replace Part C48 CL10B104KB8NNNC in D:\Code\AltiumPCB\HeartSoundClone\Sheet2.SchDoc with CL10B104KB8NNNC from Cap0603.IntLib
Replace Part C49 CL10B104KB8NNNC in D:\Code\AltiumPCB\HeartSoundClone\Sheet2.SchDoc with CL10B104KB8NNNC from Cap0603.IntLib
Replace Part C50 CL10B104KB8NNNC in D:\Code\AltiumPCB\HeartSoundClone\Sheet2.SchDoc with CL10B104KB8NNNC from Cap0603.IntLib
Replace Part C51 CL10B104KB8NNNC in D:\Code\AltiumPCB\HeartSoundClone\Sheet2.SchDoc with CL10B104KB8NNNC from Cap0603.IntLib
Replace Part D1 597-5411-407F in D:\Code\AltiumPCB\HeartSoundClone\Sheet2.SchDoc with 597-5411-407F from LED0805.IntLib
Replace Part J1 2137160001 in D:\Code\AltiumPCB\HeartSoundClone\Sheet2.SchDoc with 2137160001 from 2137160001.IntLib
Replace Part MK1 MP23ABS1TR in D:\Code\AltiumPCB\HeartSoundClone\Sheet2.SchDoc with MP23ABS1TR from MP23ABS1TR.IntLib
Replace Part MK2 MP23ABS1TR in D:\Code\AltiumPCB\HeartSoundClone\Sheet2.SchDoc with MP23ABS1TR from MP23ABS1TR.IntLib
Replace Part R1 RC0603FR-0751RL in D:\Code\AltiumPCB\HeartSoundClone\Sheet2.SchDoc with RC0603FR-0751RL from RC0603.IntLib
Replace Part R2 RC0603FR-0751RL in D:\Code\AltiumPCB\HeartSoundClone\Sheet2.SchDoc with RC0603FR-0751RL from RC0603.IntLib
Replace Part R3 RC0603FR-0751RL in D:\Code\AltiumPCB\HeartSoundClone\Sheet2.SchDoc with RC0603FR-0751RL from RC0603.IntLib
Replace Part R4 RC0603FR-0751RL in D:\Code\AltiumPCB\HeartSoundClone\Sheet2.SchDoc with RC0603FR-0751RL from RC0603.IntLib
Replace Part R5 RC0603FR-0751RL in D:\Code\AltiumPCB\HeartSoundClone\Sheet2.SchDoc with RC0603FR-0751RL from RC0603.IntLib
Replace Part R6 RC0603FR-0751RL in D:\Code\AltiumPCB\HeartSoundClone\Sheet2.SchDoc with RC0603FR-0751RL from RC0603.IntLib
Replace Part R7 RC0603FR-0751RL in D:\Code\AltiumPCB\HeartSoundClone\Sheet2.SchDoc with RC0603FR-0751RL from RC0603.IntLib
Replace Part R8 RC0603FR-0751RL in D:\Code\AltiumPCB\HeartSoundClone\Sheet2.SchDoc with RC0603FR-0751RL from RC0603.IntLib
Replace Part R9 RC0603FR-0751RL in D:\Code\AltiumPCB\HeartSoundClone\Sheet2.SchDoc with RC0603FR-0751RL from RC0603.IntLib
Replace Part R10 RC0603FR-0751RL in D:\Code\AltiumPCB\HeartSoundClone\Sheet2.SchDoc with RC0603FR-0751RL from RC0603.IntLib
Replace Part R11 RC0603FR-0751RL in D:\Code\AltiumPCB\HeartSoundClone\Sheet2.SchDoc with RC0603FR-0751RL from RC0603.IntLib
Replace Part R12 RC0603FR-0751RL in D:\Code\AltiumPCB\HeartSoundClone\Sheet2.SchDoc with RC0603FR-0751RL from RC0603.IntLib
Replace Part R13 RC0603FR-0751RL in D:\Code\AltiumPCB\HeartSoundClone\Sheet2.SchDoc with RC0603FR-0751RL from RC0603.IntLib
Replace Part R14 RC0603FR-0751RL in D:\Code\AltiumPCB\HeartSoundClone\Sheet2.SchDoc with RC0603FR-0751RL from RC0603.IntLib
Replace Part R15 RC0603FR-0751RL in D:\Code\AltiumPCB\HeartSoundClone\Sheet2.SchDoc with RC0603FR-0751RL from RC0603.IntLib
Replace Part R16 RC0603FR-0751RL in D:\Code\AltiumPCB\HeartSoundClone\Sheet2.SchDoc with RC0603FR-0751RL from RC0603.IntLib
Replace Part R17 RC0603FR-0751RL in D:\Code\AltiumPCB\HeartSoundClone\Sheet2.SchDoc with RC0603FR-0751RL from RC0603.IntLib
Replace Part R18 RC0603FR-0751RL in D:\Code\AltiumPCB\HeartSoundClone\Sheet2.SchDoc with RC0603FR-0751RL from RC0603.IntLib
Replace Part R19 RC0603FR-0751RL in D:\Code\AltiumPCB\HeartSoundClone\Sheet2.SchDoc with RC0603FR-0751RL from RC0603.IntLib
Replace Part R20 RC0603FR-0751RL in D:\Code\AltiumPCB\HeartSoundClone\Sheet2.SchDoc with RC0603FR-0751RL from RC0603.IntLib
Replace Part R21 RC0603FR-0751RL in D:\Code\AltiumPCB\HeartSoundClone\Sheet2.SchDoc with RC0603FR-0751RL from RC0603.IntLib
Replace Part R22 RC0603FR-0751RL in D:\Code\AltiumPCB\HeartSoundClone\Sheet2.SchDoc with RC0603FR-0751RL from RC0603.IntLib
Replace Part R23 RC0603FR-0751RL in D:\Code\AltiumPCB\HeartSoundClone\Sheet2.SchDoc with RC0603FR-0751RL from RC0603.IntLib
Replace Part R24 RC0603FR-0751RL in D:\Code\AltiumPCB\HeartSoundClone\Sheet2.SchDoc with RC0603FR-0751RL from RC0603.IntLib
Replace Part R25 RC0603FR-0751RL in D:\Code\AltiumPCB\HeartSoundClone\Sheet2.SchDoc with RC0603FR-0751RL from RC0603.IntLib
Replace Part R26 RC0603FR-0751RL in D:\Code\AltiumPCB\HeartSoundClone\Sheet2.SchDoc with RC0603FR-0751RL from RC0603.IntLib
Replace Part S? MINI-SPDT-SW in D:\Code\AltiumPCB\HeartSoundClone\Sheet2.SchDoc with MINI-SPDT-SW from MINI-SPDT-SW.IntLib
Replace Part S? MINI-SPDT-SW in D:\Code\AltiumPCB\HeartSoundClone\Sheet2.SchDoc with MINI-SPDT-SW from MINI-SPDT-SW.IntLib
Replace Part U1 HOLYIOT-18010-NRF52840 in D:\Code\AltiumPCB\HeartSoundClone\Sheet2.SchDoc with HOLYIOT-18010-NRF52840 from HOLYIOT-18010-NRF52840.IntLib
Replace Part U2 MCP73831-2ACI/MC in D:\Code\AltiumPCB\HeartSoundClone\Sheet2.SchDoc with MCP73831-2ACI/MC from MCP73831-2ACI_MC.IntLib
Replace Part U3 TL082CD in D:\Code\AltiumPCB\HeartSoundClone\Sheet2.SchDoc with TL082CD from TL082CD.IntLib
Replace Part U4 TL082CD in D:\Code\AltiumPCB\HeartSoundClone\Sheet2.SchDoc with TL082CD from TL082CD.IntLib
Replace Part U5 ICL7660EPA+ in D:\Code\AltiumPCB\HeartSoundClone\Sheet2.SchDoc with ICL7660EPA+ from ICL7660EPA_.IntLib
Replace Part U6 INA818IDR in D:\Code\AltiumPCB\HeartSoundClone\Sheet2.SchDoc with INA818IDR from INA818IDR.IntLib
Replace Part U7 INA818IDR in D:\Code\AltiumPCB\HeartSoundClone\Sheet2.SchDoc with INA818IDR from INA818IDR.IntLib
Replace Part U8 TL082CD in D:\Code\AltiumPCB\HeartSoundClone\Sheet2.SchDoc with TL082CD from TL082CD.IntLib
Replace Part U9 LM4121IM5-ADJ/NOPB in D:\Code\AltiumPCB\HeartSoundClone\Sheet2.SchDoc with LM4121IM5-ADJ/NOPB from LM4121IM5-ADJ_NOPB.IntLib
Replace Part U10 INA818IDR in D:\Code\AltiumPCB\HeartSoundClone\Sheet2.SchDoc with INA818IDR from INA818IDR.IntLib
