Change Physical Footprint: Designator=C1 Old Footprint=CAPC2012X145N New Footprint=CAPC2012X145N
Change Physical Footprint: Designator=C2 Old Footprint=CAP_EEEHP1H1R0R New Footprint=CAP_EEEHP1H1R0R
Change Physical Footprint: Designator=C3 Old Footprint=CAP_EEEHP1H1R0R New Footprint=CAP_EEEHP1H1R0R
Change Physical Footprint: Designator=C4 Old Footprint=CAPC2012X145N New Footprint=CAPC2012X145N
Change Physical Footprint: Designator=C5 Old Footprint=CAPC2012X145N New Footprint=CAPC2012X145N
Change Physical Footprint: Designator=C6 Old Footprint=CAPC1608X90N New Footprint=CAPC1608X90N
Change Physical Footprint: Designator=C7 Old Footprint=CAPC1608X90N New Footprint=CAPC1608X90N
Change Physical Footprint: Designator=C8 Old Footprint=CAPC1608X90N New Footprint=CAPC1608X90N
Change Physical Footprint: Designator=C9 Old Footprint=CAPC1608X90N New Footprint=CAPC1608X90N
Change Physical Footprint: Designator=C10 Old Footprint=CAPC1608X90N New Footprint=CAPC1608X90N
Change Physical Footprint: Designator=C11 Old Footprint=CAPC1608X90N New Footprint=CAPC1608X90N
Change Physical Footprint: Designator=D1 Old Footprint=LEDC2012X70N New Footprint=LEDC2012X70N
Change Physical Footprint: Designator=D2 Old Footprint=LEDC2012X70N New Footprint=LEDC2012X70N
Change Physical Footprint: Designator=D3 Old Footprint=LEDC2012X70N New Footprint=LEDC2012X70N
Change Physical Footprint: Designator=J1 Old Footprint=CUI_UJC-HP-3-SMT-TR New Footprint=CUI_UJC-HP-3-SMT-TR
Change Physical Footprint: Designator=J2 Old Footprint=TE_1877285-2 New Footprint=TE_1877285-2
Change Physical Footprint: Designator=MK1 Old Footprint=MIC_ICS-43434 New Footprint=MIC_ICS-43434
Change Physical Footprint: Designator=Q1 Old Footprint=SOP65P640X120-8N New Footprint=SOP65P640X120-8N
Change Physical Footprint: Designator=R1 Old Footprint=RES_ERJU06J203V New Footprint=RES_ERJU06J203V
Change Physical Footprint: Designator=R2 Old Footprint=RES_ERJU06J203V New Footprint=RES_ERJU06J203V
Change Physical Footprint: Designator=R3 Old Footprint=RES_ERJU06J203V New Footprint=RES_ERJU06J203V
Change Physical Footprint: Designator=R4 Old Footprint=RES_ERJU06J203V New Footprint=RES_ERJU06J203V
Change Physical Footprint: Designator=R5 Old Footprint=RES_ERJU06J203V New Footprint=RES_ERJU06J203V
Change Physical Footprint: Designator=R6 Old Footprint=RES_ERJU06J203V New Footprint=RES_ERJU06J203V
Change Physical Footprint: Designator=R7 Old Footprint=RES_ERJU06J203V New Footprint=RES_ERJU06J203V
Change Physical Footprint: Designator=R8 Old Footprint=RES_ERJU08F2201V New Footprint=RES_ERJU08F2201V
Change Physical Footprint: Designator=R9 Old Footprint=RES_ERJU08F2201V New Footprint=RES_ERJU08F2201V
Change Physical Footprint: Designator=U1 Old Footprint=QFP50P1600X1600X160-100N New Footprint=QFP50P1600X1600X160-100N
Change Physical Footprint: Designator=U2 Old Footprint=SOT229P700X180-4N New Footprint=SOT229P700X180-4N
Change Physical Footprint: Designator=U3 Old Footprint=SOT95P280X145-6N New Footprint=SOT95P280X145-6N
Change Physical Footprint: Designator=U4 Old Footprint=SOP127P600X175-9N New Footprint=SOP127P600X175-9N
Change Physical Footprint: Designator=Y1 Old Footprint=XTAL_C3E-24.000-12-3030-R New Footprint=XTAL_C3E-24.000-12-3030-R
Change Physical Footprint: Designator=Y2 Old Footprint=XTAL_FC-135_32.7680KA-A0 New Footprint=XTAL_FC-135_32.7680KA-A0
