Replace Part C2 0805YC103J4T2A in D:\Code\AltiumPCB\HeartSoundI2S\PCB_Project\Sheet3.SchDoc with 0805YC103J4T2A from 0805YC103J4T2A.IntLib
Replace Part C3 0805YC103J4T2A in D:\Code\AltiumPCB\HeartSoundI2S\PCB_Project\Sheet3.SchDoc with 0805YC103J4T2A from 0805YC103J4T2A.IntLib
Replace Part C4 CL10B104KB8NNNC in D:\Code\AltiumPCB\HeartSoundI2S\PCB_Project\Sheet3.SchDoc with CL10B104KB8NNNC from Cap0603.IntLib
Replace Part C6 CL10B104KB8NNNC in D:\Code\AltiumPCB\HeartSoundI2S\PCB_Project\Sheet3.SchDoc with CL10B104KB8NNNC from Cap0603.IntLib
Replace Part C7 CL10B104KB8NNNC in D:\Code\AltiumPCB\HeartSoundI2S\PCB_Project\Sheet3.SchDoc with CL10B104KB8NNNC from Cap0603.IntLib
Replace Part C8 CL10B104KB8NNNC in D:\Code\AltiumPCB\HeartSoundI2S\PCB_Project\Sheet3.SchDoc with CL10B104KB8NNNC from Cap0603.IntLib
Replace Part C9 CL10B104KB8NNNC in D:\Code\AltiumPCB\HeartSoundI2S\PCB_Project\Sheet3.SchDoc with CL10B104KB8NNNC from Cap0603.IntLib
Replace Part C10 CL10B104KB8NNNC in D:\Code\AltiumPCB\HeartSoundI2S\PCB_Project\Sheet3.SchDoc with CL10B104KB8NNNC from Cap0603.IntLib
Replace Part C11 CL10B104KB8NNNC in D:\Code\AltiumPCB\HeartSoundI2S\PCB_Project\Sheet3.SchDoc with CL10B104KB8NNNC from Cap0603.IntLib
Replace Part C12 CL10B104KB8NNNC in D:\Code\AltiumPCB\HeartSoundI2S\PCB_Project\Sheet3.SchDoc with CL10B104KB8NNNC from Cap0603.IntLib
Replace Part C13 CL10B104KB8NNNC in D:\Code\AltiumPCB\HeartSoundI2S\PCB_Project\Sheet3.SchDoc with CL10B104KB8NNNC from Cap0603.IntLib
Replace Part D4 B5819WS-TP in D:\Code\AltiumPCB\HeartSoundI2S\PCB_Project\Sheet3.SchDoc with B5819WS-TP from B5819WS-TP.IntLib
Replace Part D6 5V1 in D:\Code\AltiumPCB\HeartSoundI2S\PCB_Project\Sheet3.SchDoc with 5V1 from Diode5V1.IntLib
Replace Part J1 TYPE-C-31-M-12 in D:\Code\AltiumPCB\HeartSoundI2S\PCB_Project\Sheet3.SchDoc with TYPE-C-31-M-12 from TYPE-C-31-M-12.IntLib
Replace Part J3 3-644456-2 in D:\Code\AltiumPCB\HeartSoundI2S\PCB_Project\Sheet3.SchDoc with 3-644456-2 from 3-644456-2.IntLib
Replace Part POWER 597-5411-407F in D:\Code\AltiumPCB\HeartSoundI2S\PCB_Project\Sheet3.SchDoc with 597-5411-407F from LED0805.IntLib
Replace Part R1 R0805 in D:\Code\AltiumPCB\HeartSoundI2S\PCB_Project\Sheet3.SchDoc with R0805 from R0805.IntLib
Replace Part R2 R0805 in D:\Code\AltiumPCB\HeartSoundI2S\PCB_Project\Sheet3.SchDoc with R0805 from R0805.IntLib
Replace Part R3 R0805 in D:\Code\AltiumPCB\HeartSoundI2S\PCB_Project\Sheet3.SchDoc with R0805 from R0805.IntLib
Replace Part R4 R0805 in D:\Code\AltiumPCB\HeartSoundI2S\PCB_Project\Sheet3.SchDoc with R0805 from R0805.IntLib
Replace Part R5 R0805 in D:\Code\AltiumPCB\HeartSoundI2S\PCB_Project\Sheet3.SchDoc with R0805 from R0805.IntLib
Replace Part RESULT 597-5411-407F in D:\Code\AltiumPCB\HeartSoundI2S\PCB_Project\Sheet3.SchDoc with 597-5411-407F from LED0805.IntLib
Replace Part RST Component_1 in D:\Code\AltiumPCB\HeartSoundI2S\PCB_Project\Sheet3.SchDoc with Component_1 from 3425Buton2PSMD.IntLib
Replace Part SD Card MEM2075-00-140-01-A in D:\Code\AltiumPCB\HeartSoundI2S\PCB_Project\Sheet3.SchDoc with MEM2075-00-140-01-A from MEM2075-00-140-01-A.IntLib
Replace Part U1 STM32H743VIT6 in D:\Code\AltiumPCB\HeartSoundI2S\PCB_Project\Sheet3.SchDoc with STM32H743VIT6 from STM32H743VIT6.IntLib
Replace Part U2 AMS1117-3.3 in D:\Code\AltiumPCB\HeartSoundI2S\PCB_Project\Sheet3.SchDoc with AMS1117-3.3 from AMS1117-3.3.IntLib
Replace Part Y1 C3E-24.000-12-3030-R in D:\Code\AltiumPCB\HeartSoundI2S\PCB_Project\Sheet3.SchDoc with C3E-24.000-12-3030-R from C3E-24.000-12-3030-R.IntLib
Replace Part Y2 FC-135_32.7680KA-A0 in D:\Code\AltiumPCB\HeartSoundI2S\PCB_Project\Sheet3.SchDoc with FC-135_32.7680KA-A0 from FC-135_32.7680KA-A0.IntLib
