Change Component Designator: Old Designator=C1 New Designator=C2
Change Component Designator: Old Designator=C2 New Designator=C10
Change Component Designator: Old Designator=C3 New Designator=C13
Change Component Designator: Old Designator=C5 New Designator=C9
Change Component Designator: Old Designator=C6 New Designator=C1
Change Component Designator: Old Designator=C7 New Designator=C3
Change Component Designator: Old Designator=C8 New Designator=C5
Change Component Designator: Old Designator=C9 New Designator=C6
Change Component Designator: Old Designator=C10 New Designator=C8
Change Component Designator: Old Designator=C11 New Designator=C7
Change Component Designator: Old Designator=C12 New Designator=C11
Change Component Designator: Old Designator=C13 New Designator=C12
Change Component Designator: Old Designator=J1 New Designator=J2
Change Component Designator: Old Designator=J3 New Designator=J1
Change Component Designator: Old Designator=POWER New Designator=POWER1
Change Component Designator: Old Designator=R2 New Designator=R5
Change Component Designator: Old Designator=R5 New Designator=R2
Change Component Designator: Old Designator=RESULT New Designator=RESULT1
Change Component Designator: Old Designator=RST New Designator=RST1
Change Component Designator: Old Designator=SD Card New Designator=SD Card1
