Removed Pin From Net: NetName=GND Pin=C1-1
Removed Pin From Net: NetName=+3.3V Pin=C1-2
Removed Pin From Net: NetName=GND Pin=C5-1
Removed Pin From Net: NetName=+3.3V Pin=C5-2
Added Component: Designator=C1(CAPC1608X90N)
Add component (AddParameter): Name = "Check_prices"; Value = "https://www.snapeda.com/parts/CL10B104KB8NNNC/Samsung/view-part/?ref=eda"; VariantName = "[No Variations]"
Add component (AddParameter): Name = "MF"; Value = "Samsung Electro-Mechanics"; VariantName = "[No Variations]"
Add component (AddParameter): Name = "MP"; Value = "CL10B104KB8NNNC"; VariantName = "[No Variations]"
Add component (AddParameter): Name = "Package"; Value = "1608-2 SAMSUNG"; VariantName = "[No Variations]"
Add component (AddParameter): Name = "SnapEDA_Link"; Value = "https://www.snapeda.com/parts/CL10B104KB8NNNC/Samsung/view-part/?ref=snap"; VariantName = "[No Variations]"
Add component (AddParameter): Name = "Value"; Value = ""; VariantName = "[No Variations]"
Added Component: Designator=C5(CAPC1608X90N)
Add component (AddParameter): Name = "Check_prices"; Value = "https://www.snapeda.com/parts/CL10B104KB8NNNC/Samsung/view-part/?ref=eda"; VariantName = "[No Variations]"
Add component (AddParameter): Name = "MF"; Value = "Samsung Electro-Mechanics"; VariantName = "[No Variations]"
Add component (AddParameter): Name = "MP"; Value = "CL10B104KB8NNNC"; VariantName = "[No Variations]"
Add component (AddParameter): Name = "Package"; Value = "1608-2 SAMSUNG"; VariantName = "[No Variations]"
Add component (AddParameter): Name = "SnapEDA_Link"; Value = "https://www.snapeda.com/parts/CL10B104KB8NNNC/Samsung/view-part/?ref=snap"; VariantName = "[No Variations]"
Add component (AddParameter): Name = "Value"; Value = ""; VariantName = "[No Variations]"
Added Pin To Net: NetName=+3.3V Pin=C1-1
Added Pin To Net: NetName=GND Pin=C1-2
Added Pin To Net: NetName=+3.3V Pin=C5-1
Added Pin To Net: NetName=GND Pin=C5-2
