Change Component Designator: Old Designator=C1 New Designator=C15
Change Component Designator: Old Designator=C2 New Designator=C23
Change Component Designator: Old Designator=C3 New Designator=C26
Change Component Designator: Old Designator=C4 New Designator=C17
Change Component Designator: Old Designator=C5 New Designator=C22
Change Component Designator: Old Designator=C6 New Designator=C14
Change Component Designator: Old Designator=C7 New Designator=C16
Change Component Designator: Old Designator=C8 New Designator=C18
Change Component Designator: Old Designator=C9 New Designator=C19
Change Component Designator: Old Designator=C10 New Designator=C21
Change Component Designator: Old Designator=C11 New Designator=C20
Change Component Designator: Old Designator=C12 New Designator=C24
Change Component Designator: Old Designator=C13 New Designator=C25
Change Component Designator: Old Designator=J1 New Designator=J4
Change Component Designator: Old Designator=MK1 New Designator=MK2
Change Component Designator: Old Designator=POWER New Designator=POWER2
Change Component Designator: Old Designator=R1 New Designator=R6
Change Component Designator: Old Designator=R2 New Designator=R10
Change Component Designator: Old Designator=R3 New Designator=R8
Change Component Designator: Old Designator=R4 New Designator=R9
Change Component Designator: Old Designator=R5 New Designator=R7
Change Component Designator: Old Designator=RESULT New Designator=RESULT2
Change Component Designator: Old Designator=RST New Designator=RST2
Change Component Designator: Old Designator=SD Card New Designator=SD Card2
Change Component Designator: Old Designator=TP1 New Designator=TP5
Change Component Designator: Old Designator=TP2 New Designator=TP6
Change Component Designator: Old Designator=TP3 New Designator=TP7
Change Component Designator: Old Designator=TP4 New Designator=TP8
Change Component Designator: Old Designator=U1 New Designator=U3
Change Component Designator: Old Designator=U2 New Designator=U4
Change Component Designator: Old Designator=Y1 New Designator=Y3
Change Component Designator: Old Designator=Y2 New Designator=Y4
