Added Component: Designator=*(Button2PSMD)
Added Component: Designator=C1(CAPC2012X145N)
Add component (AddParameter): Name = "Check_prices"; Value = "https://www.snapeda.com/parts/VJ0805A220KXCAP/Vishay/view-part/?ref=eda"; VariantName = "[No Variations]"
Add component (AddParameter): Name = "MF"; Value = "Vishay Vitramon"; VariantName = "[No Variations]"
Add component (AddParameter): Name = "MP"; Value = "VJ0805A220KXCAP"; VariantName = "[No Variations]"
Add component (AddParameter): Name = "Package"; Value = "2012 Vishay Vitramon"; VariantName = "[No Variations]"
Add component (AddParameter): Name = "SnapEDA_Link"; Value = "https://www.snapeda.com/parts/VJ0805A220KXCAP/Vishay/view-part/?ref=snap"; VariantName = "[No Variations]"
Add component (AddParameter): Name = "Value"; Value = ""; VariantName = "[No Variations]"
Added Component: Designator=C2(CAP_EEEHP1H1R0R)
Add component (AddParameter): Name = "Availability"; Value = "In Stock"; VariantName = "[No Variations]"
Add component (AddParameter): Name = "Check_prices"; Value = "https://www.snapeda.com/parts/EEEHP1H1R0R/Panasonic/view-part/?ref=eda"; VariantName = "[No Variations]"
Add component (AddParameter): Name = "MF"; Value = "Panasonic"; VariantName = "[No Variations]"
Add component (AddParameter): Name = "MP"; Value = "EEEHP1H1R0R"; VariantName = "[No Variations]"
Add component (AddParameter): Name = "Package"; Value = "RADIAL-2 Panasonic"; VariantName = "[No Variations]"
Add component (AddParameter): Name = "Price"; Value = "None"; VariantName = "[No Variations]"
Add component (AddParameter): Name = "Purchase-URL"; Value = "https://pricing.snapeda.com/search/part/EEEHP1H1R0R/?ref=eda"; VariantName = "[No Variations]"
Add component (AddParameter): Name = "SnapEDA_Link"; Value = "https://www.snapeda.com/parts/EEEHP1H1R0R/Panasonic/view-part/?ref=snap"; VariantName = "[No Variations]"
Add component (AddParameter): Name = "Value"; Value = ""; VariantName = "[No Variations]"
Added Component: Designator=C3(CAP_EEEHP1H1R0R)
Add component (AddParameter): Name = "Availability"; Value = "In Stock"; VariantName = "[No Variations]"
Add component (AddParameter): Name = "Check_prices"; Value = "https://www.snapeda.com/parts/EEEHP1H1R0R/Panasonic/view-part/?ref=eda"; VariantName = "[No Variations]"
Add component (AddParameter): Name = "MF"; Value = "Panasonic"; VariantName = "[No Variations]"
Add component (AddParameter): Name = "MP"; Value = "EEEHP1H1R0R"; VariantName = "[No Variations]"
Add component (AddParameter): Name = "Package"; Value = "RADIAL-2 Panasonic"; VariantName = "[No Variations]"
Add component (AddParameter): Name = "Price"; Value = "None"; VariantName = "[No Variations]"
Add component (AddParameter): Name = "Purchase-URL"; Value = "https://pricing.snapeda.com/search/part/EEEHP1H1R0R/?ref=eda"; VariantName = "[No Variations]"
Add component (AddParameter): Name = "SnapEDA_Link"; Value = "https://www.snapeda.com/parts/EEEHP1H1R0R/Panasonic/view-part/?ref=snap"; VariantName = "[No Variations]"
Add component (AddParameter): Name = "Value"; Value = ""; VariantName = "[No Variations]"
Added Component: Designator=C4(CAPC1608X90N)
Add component (AddParameter): Name = "Check_prices"; Value = "https://www.snapeda.com/parts/CL10B104KB8NNNC/Samsung/view-part/?ref=eda"; VariantName = "[No Variations]"
Add component (AddParameter): Name = "MF"; Value = "Samsung Electro-Mechanics"; VariantName = "[No Variations]"
Add component (AddParameter): Name = "MP"; Value = "CL10B104KB8NNNC"; VariantName = "[No Variations]"
Add component (AddParameter): Name = "Package"; Value = "1608-2 SAMSUNG"; VariantName = "[No Variations]"
Add component (AddParameter): Name = "SnapEDA_Link"; Value = "https://www.snapeda.com/parts/CL10B104KB8NNNC/Samsung/view-part/?ref=snap"; VariantName = "[No Variations]"
Add component (AddParameter): Name = "Value"; Value = ""; VariantName = "[No Variations]"
Added Component: Designator=C5(CAPC2012X145N)
Add component (AddParameter): Name = "Check_prices"; Value = "https://www.snapeda.com/parts/VJ0805A220KXCAP/Vishay/view-part/?ref=eda"; VariantName = "[No Variations]"
Add component (AddParameter): Name = "MF"; Value = "Vishay Vitramon"; VariantName = "[No Variations]"
Add component (AddParameter): Name = "MP"; Value = "VJ0805A220KXCAP"; VariantName = "[No Variations]"
Add component (AddParameter): Name = "Package"; Value = "2012 Vishay Vitramon"; VariantName = "[No Variations]"
Add component (AddParameter): Name = "SnapEDA_Link"; Value = "https://www.snapeda.com/parts/VJ0805A220KXCAP/Vishay/view-part/?ref=snap"; VariantName = "[No Variations]"
Add component (AddParameter): Name = "Value"; Value = ""; VariantName = "[No Variations]"
Added Component: Designator=C6(CAPC1608X90N)
Add component (AddParameter): Name = "Check_prices"; Value = "https://www.snapeda.com/parts/CL10B104KB8NNNC/Samsung/view-part/?ref=eda"; VariantName = "[No Variations]"
Add component (AddParameter): Name = "MF"; Value = "Samsung Electro-Mechanics"; VariantName = "[No Variations]"
Add component (AddParameter): Name = "MP"; Value = "CL10B104KB8NNNC"; VariantName = "[No Variations]"
Add component (AddParameter): Name = "Package"; Value = "1608-2 SAMSUNG"; VariantName = "[No Variations]"
Add component (AddParameter): Name = "SnapEDA_Link"; Value = "https://www.snapeda.com/parts/CL10B104KB8NNNC/Samsung/view-part/?ref=snap"; VariantName = "[No Variations]"
Add component (AddParameter): Name = "Value"; Value = ""; VariantName = "[No Variations]"
Added Component: Designator=C7(CAPC1608X90N)
Add component (AddParameter): Name = "Check_prices"; Value = "https://www.snapeda.com/parts/CL10B104KB8NNNC/Samsung/view-part/?ref=eda"; VariantName = "[No Variations]"
Add component (AddParameter): Name = "MF"; Value = "Samsung Electro-Mechanics"; VariantName = "[No Variations]"
Add component (AddParameter): Name = "MP"; Value = "CL10B104KB8NNNC"; VariantName = "[No Variations]"
Add component (AddParameter): Name = "Package"; Value = "1608-2 SAMSUNG"; VariantName = "[No Variations]"
Add component (AddParameter): Name = "SnapEDA_Link"; Value = "https://www.snapeda.com/parts/CL10B104KB8NNNC/Samsung/view-part/?ref=snap"; VariantName = "[No Variations]"
Add component (AddParameter): Name = "Value"; Value = ""; VariantName = "[No Variations]"
Added Component: Designator=C8(CAPC1608X90N)
Add component (AddParameter): Name = "Check_prices"; Value = "https://www.snapeda.com/parts/CL10B104KB8NNNC/Samsung/view-part/?ref=eda"; VariantName = "[No Variations]"
Add component (AddParameter): Name = "MF"; Value = "Samsung Electro-Mechanics"; VariantName = "[No Variations]"
Add component (AddParameter): Name = "MP"; Value = "CL10B104KB8NNNC"; VariantName = "[No Variations]"
Add component (AddParameter): Name = "Package"; Value = "1608-2 SAMSUNG"; VariantName = "[No Variations]"
Add component (AddParameter): Name = "SnapEDA_Link"; Value = "https://www.snapeda.com/parts/CL10B104KB8NNNC/Samsung/view-part/?ref=snap"; VariantName = "[No Variations]"
Add component (AddParameter): Name = "Value"; Value = ""; VariantName = "[No Variations]"
Added Component: Designator=C9(CAPC1608X90N)
Add component (AddParameter): Name = "Check_prices"; Value = "https://www.snapeda.com/parts/CL10B104KB8NNNC/Samsung/view-part/?ref=eda"; VariantName = "[No Variations]"
Add component (AddParameter): Name = "MF"; Value = "Samsung Electro-Mechanics"; VariantName = "[No Variations]"
Add component (AddParameter): Name = "MP"; Value = "CL10B104KB8NNNC"; VariantName = "[No Variations]"
Add component (AddParameter): Name = "Package"; Value = "1608-2 SAMSUNG"; VariantName = "[No Variations]"
Add component (AddParameter): Name = "SnapEDA_Link"; Value = "https://www.snapeda.com/parts/CL10B104KB8NNNC/Samsung/view-part/?ref=snap"; VariantName = "[No Variations]"
Add component (AddParameter): Name = "Value"; Value = ""; VariantName = "[No Variations]"
Added Component: Designator=C10(CAPC1608X90N)
Add component (AddParameter): Name = "Check_prices"; Value = "https://www.snapeda.com/parts/CL10B104KB8NNNC/Samsung/view-part/?ref=eda"; VariantName = "[No Variations]"
Add component (AddParameter): Name = "MF"; Value = "Samsung Electro-Mechanics"; VariantName = "[No Variations]"
Add component (AddParameter): Name = "MP"; Value = "CL10B104KB8NNNC"; VariantName = "[No Variations]"
Add component (AddParameter): Name = "Package"; Value = "1608-2 SAMSUNG"; VariantName = "[No Variations]"
Add component (AddParameter): Name = "SnapEDA_Link"; Value = "https://www.snapeda.com/parts/CL10B104KB8NNNC/Samsung/view-part/?ref=snap"; VariantName = "[No Variations]"
Add component (AddParameter): Name = "Value"; Value = ""; VariantName = "[No Variations]"
Added Component: Designator=C11(CAPC1608X90N)
Add component (AddParameter): Name = "Check_prices"; Value = "https://www.snapeda.com/parts/CL10B104KB8NNNC/Samsung/view-part/?ref=eda"; VariantName = "[No Variations]"
Add component (AddParameter): Name = "MF"; Value = "Samsung Electro-Mechanics"; VariantName = "[No Variations]"
Add component (AddParameter): Name = "MP"; Value = "CL10B104KB8NNNC"; VariantName = "[No Variations]"
Add component (AddParameter): Name = "Package"; Value = "1608-2 SAMSUNG"; VariantName = "[No Variations]"
Add component (AddParameter): Name = "SnapEDA_Link"; Value = "https://www.snapeda.com/parts/CL10B104KB8NNNC/Samsung/view-part/?ref=snap"; VariantName = "[No Variations]"
Add component (AddParameter): Name = "Value"; Value = ""; VariantName = "[No Variations]"
Added Component: Designator=C12(CAPC1608X90N)
Add component (AddParameter): Name = "Check_prices"; Value = "https://www.snapeda.com/parts/CL10B104KB8NNNC/Samsung/view-part/?ref=eda"; VariantName = "[No Variations]"
Add component (AddParameter): Name = "MF"; Value = "Samsung Electro-Mechanics"; VariantName = "[No Variations]"
Add component (AddParameter): Name = "MP"; Value = "CL10B104KB8NNNC"; VariantName = "[No Variations]"
Add component (AddParameter): Name = "Package"; Value = "1608-2 SAMSUNG"; VariantName = "[No Variations]"
Add component (AddParameter): Name = "SnapEDA_Link"; Value = "https://www.snapeda.com/parts/CL10B104KB8NNNC/Samsung/view-part/?ref=snap"; VariantName = "[No Variations]"
Add component (AddParameter): Name = "Value"; Value = ""; VariantName = "[No Variations]"
Added Component: Designator=C13(CAPC1608X90N)
Add component (AddParameter): Name = "Check_prices"; Value = "https://www.snapeda.com/parts/CL10B104KB8NNNC/Samsung/view-part/?ref=eda"; VariantName = "[No Variations]"
Add component (AddParameter): Name = "MF"; Value = "Samsung Electro-Mechanics"; VariantName = "[No Variations]"
Add component (AddParameter): Name = "MP"; Value = "CL10B104KB8NNNC"; VariantName = "[No Variations]"
Add component (AddParameter): Name = "Package"; Value = "1608-2 SAMSUNG"; VariantName = "[No Variations]"
Add component (AddParameter): Name = "SnapEDA_Link"; Value = "https://www.snapeda.com/parts/CL10B104KB8NNNC/Samsung/view-part/?ref=snap"; VariantName = "[No Variations]"
Add component (AddParameter): Name = "Value"; Value = ""; VariantName = "[No Variations]"
Added Component: Designator=D1(LEDC2012X70N)
Add component (AddParameter): Name = "Check_prices"; Value = "https://www.snapeda.com/parts/597-5411-407F/Dialight/view-part/?ref=eda"; VariantName = "[No Variations]"
Add component (AddParameter): Name = "MF"; Value = "Dialight"; VariantName = "[No Variations]"
Add component (AddParameter): Name = "MP"; Value = "597-5411-407F"; VariantName = "[No Variations]"
Add component (AddParameter): Name = "Package"; Value = "0805 Dialight"; VariantName = "[No Variations]"
Add component (AddParameter): Name = "SnapEDA_Link"; Value = "https://www.snapeda.com/parts/597-5411-407F/Dialight/view-part/?ref=snap"; VariantName = "[No Variations]"
Add component (AddParameter): Name = "Value"; Value = ""; VariantName = "[No Variations]"
Added Component: Designator=D2(DIO_PESD5V0S1UL,315)
Add component (AddParameter): Name = "Availability"; Value = "Unavailable"; VariantName = "[No Variations]"
Add component (AddParameter): Name = "MF"; Value = "{'manufacturer': u'Eaton - Electronics Division'}"; VariantName = "[No Variations]"
Add component (AddParameter): Name = "MP"; Value = "0402ESDA-MLP1"; VariantName = "[No Variations]"
Add component (AddParameter): Name = "Package"; Value = "None"; VariantName = "[No Variations]"
Add component (AddParameter): Name = "Price"; Value = "None"; VariantName = "[No Variations]"
Add component (AddParameter): Name = "Value"; Value = ""; VariantName = "[No Variations]"
Added Component: Designator=D3(LEDC2012X70N)
Add component (AddParameter): Name = "Check_prices"; Value = "https://www.snapeda.com/parts/597-5411-407F/Dialight/view-part/?ref=eda"; VariantName = "[No Variations]"
Add component (AddParameter): Name = "MF"; Value = "Dialight"; VariantName = "[No Variations]"
Add component (AddParameter): Name = "MP"; Value = "597-5411-407F"; VariantName = "[No Variations]"
Add component (AddParameter): Name = "Package"; Value = "0805 Dialight"; VariantName = "[No Variations]"
Add component (AddParameter): Name = "SnapEDA_Link"; Value = "https://www.snapeda.com/parts/597-5411-407F/Dialight/view-part/?ref=snap"; VariantName = "[No Variations]"
Add component (AddParameter): Name = "Value"; Value = ""; VariantName = "[No Variations]"
Added Component: Designator=D4(SOD2512X115N)
Add component (AddParameter): Name = "Check_prices"; Value = "https://www.snapeda.com/parts/B5819WS-TP/Micro+Commercial/view-part/?ref=eda"; VariantName = "[No Variations]"
Add component (AddParameter): Name = "MF"; Value = "Micro Commercial"; VariantName = "[No Variations]"
Add component (AddParameter): Name = "MP"; Value = "B5819WS-TP"; VariantName = "[No Variations]"
Add component (AddParameter): Name = "Package"; Value = "SOD-323 Taiwan Semiconductor Corporation"; VariantName = "[No Variations]"
Add component (AddParameter): Name = "SnapEDA_Link"; Value = "https://www.snapeda.com/parts/B5819WS-TP/Micro+Commercial/view-part/?ref=snap"; VariantName = "[No Variations]"
Add component (AddParameter): Name = "Value"; Value = ""; VariantName = "[No Variations]"
Added Component: Designator=D5(DIO_PESD5V0S1UL,315)
Add component (AddParameter): Name = "Availability"; Value = "Unavailable"; VariantName = "[No Variations]"
Add component (AddParameter): Name = "MF"; Value = "{'manufacturer': u'Eaton - Electronics Division'}"; VariantName = "[No Variations]"
Add component (AddParameter): Name = "MP"; Value = "0402ESDA-MLP1"; VariantName = "[No Variations]"
Add component (AddParameter): Name = "Package"; Value = "None"; VariantName = "[No Variations]"
Add component (AddParameter): Name = "Price"; Value = "None"; VariantName = "[No Variations]"
Add component (AddParameter): Name = "Value"; Value = ""; VariantName = "[No Variations]"
Added Component: Designator=D6(SOD2512X115N)
Add component (AddParameter): Name = "Check_prices"; Value = "https://www.snapeda.com/parts/B5819WS-TP/Micro+Commercial/view-part/?ref=eda"; VariantName = "[No Variations]"
Add component (AddParameter): Name = "MF"; Value = "Micro Commercial"; VariantName = "[No Variations]"
Add component (AddParameter): Name = "MP"; Value = "B5819WS-TP"; VariantName = "[No Variations]"
Add component (AddParameter): Name = "Package"; Value = "SOD-323 Taiwan Semiconductor Corporation"; VariantName = "[No Variations]"
Add component (AddParameter): Name = "SnapEDA_Link"; Value = "https://www.snapeda.com/parts/B5819WS-TP/Micro+Commercial/view-part/?ref=snap"; VariantName = "[No Variations]"
Add component (AddParameter): Name = "Value"; Value = ""; VariantName = "[No Variations]"
Added Component: Designator=J1(HRO_TYPE-C-31-M-12)
Add component (AddParameter): Name = "Check_prices"; Value = "https://www.snapeda.com/parts/TYPE-C-31-M-12/HRO+Electronics+Co.%252C+Ltd./view-part/?ref=eda"; VariantName = "[No Variations]"
Add component (AddParameter): Name = "MF"; Value = "HRO Electronics Co., Ltd."; VariantName = "[No Variations]"
Add component (AddParameter): Name = "MP"; Value = "TYPE-C-31-M-12"; VariantName = "[No Variations]"
Add component (AddParameter): Name = "Package"; Value = "Package"; VariantName = "[No Variations]"
Add component (AddParameter): Name = "SnapEDA_Link"; Value = "https://www.snapeda.com/parts/TYPE-C-31-M-12/HRO+Electronics+Co.%252C+Ltd./view-part/?ref=snap"; VariantName = "[No Variations]"
Add component (AddParameter): Name = "Value"; Value = ""; VariantName = "[No Variations]"
Added Component: Designator=J2(GCT_MEM2075-00-140-01-A)
Add component (AddParameter): Name = "Check_prices"; Value = "https://www.snapeda.com/parts/MEM2075-00-140-01-A/Global+Connector+Technology/view-part/?ref=eda"; VariantName = "[No Variations]"
Add component (AddParameter): Name = "MF"; Value = "Global Connector Technology"; VariantName = "[No Variations]"
Add component (AddParameter): Name = "MP"; Value = "MEM2075-00-140-01-A"; VariantName = "[No Variations]"
Add component (AddParameter): Name = "Package"; Value = "None"; VariantName = "[No Variations]"
Add component (AddParameter): Name = "SnapEDA_Link"; Value = "https://www.snapeda.com/parts/MEM2075-00-140-01-A/Global+Connector+Technology/view-part/?ref=snap"; VariantName = "[No Variations]"
Add component (AddParameter): Name = "Value"; Value = ""; VariantName = "[No Variations]"
Added Component: Designator=MK1(MIC_ICS-43434)
Add component (AddParameter): Name = "Availability"; Value = "In Stock"; VariantName = "[No Variations]"
Add component (AddParameter): Name = "Check_prices"; Value = "https://www.snapeda.com/parts/ICS-43434/TDK+InvenSense/view-part/?ref=eda"; VariantName = "[No Variations]"
Add component (AddParameter): Name = "MF"; Value = "TDK InvenSense"; VariantName = "[No Variations]"
Add component (AddParameter): Name = "MP"; Value = "ICS-43434"; VariantName = "[No Variations]"
Add component (AddParameter): Name = "Package"; Value = "Custom Package TDK InvenSense"; VariantName = "[No Variations]"
Add component (AddParameter): Name = "Price"; Value = "None"; VariantName = "[No Variations]"
Add component (AddParameter): Name = "Purchase-URL"; Value = "https://pricing.snapeda.com/search/part/ICS-43434/?ref=eda"; VariantName = "[No Variations]"
Add component (AddParameter): Name = "SnapEDA_Link"; Value = "https://www.snapeda.com/parts/ICS-43434/TDK+InvenSense/view-part/?ref=snap"; VariantName = "[No Variations]"
Add component (AddParameter): Name = "Value"; Value = ""; VariantName = "[No Variations]"
Added Component: Designator=R1(RES_ERJU06J203V)
Add component (AddParameter): Name = "Availability"; Value = "Unavailable"; VariantName = "[No Variations]"
Add component (AddParameter): Name = "MF"; Value = ""; VariantName = "[No Variations]"
Add component (AddParameter): Name = "MP"; Value = "ERJU06J203V"; VariantName = "[No Variations]"
Add component (AddParameter): Name = "Package"; Value = "None"; VariantName = "[No Variations]"
Add component (AddParameter): Name = "Price"; Value = "None"; VariantName = "[No Variations]"
Add component (AddParameter): Name = "Value"; Value = ""; VariantName = "[No Variations]"
Added Component: Designator=R2(RES_ERJU06J203V)
Add component (AddParameter): Name = "Availability"; Value = "Unavailable"; VariantName = "[No Variations]"
Add component (AddParameter): Name = "MF"; Value = ""; VariantName = "[No Variations]"
Add component (AddParameter): Name = "MP"; Value = "ERJU06J203V"; VariantName = "[No Variations]"
Add component (AddParameter): Name = "Package"; Value = "None"; VariantName = "[No Variations]"
Add component (AddParameter): Name = "Price"; Value = "None"; VariantName = "[No Variations]"
Add component (AddParameter): Name = "Value"; Value = ""; VariantName = "[No Variations]"
Added Component: Designator=R3(RES_ERJU06J203V)
Add component (AddParameter): Name = "Availability"; Value = "Unavailable"; VariantName = "[No Variations]"
Add component (AddParameter): Name = "MF"; Value = ""; VariantName = "[No Variations]"
Add component (AddParameter): Name = "MP"; Value = "ERJU06J203V"; VariantName = "[No Variations]"
Add component (AddParameter): Name = "Package"; Value = "None"; VariantName = "[No Variations]"
Add component (AddParameter): Name = "Price"; Value = "None"; VariantName = "[No Variations]"
Add component (AddParameter): Name = "Value"; Value = ""; VariantName = "[No Variations]"
Added Component: Designator=R4(RES_ERJU06J203V)
Add component (AddParameter): Name = "Availability"; Value = "Unavailable"; VariantName = "[No Variations]"
Add component (AddParameter): Name = "MF"; Value = ""; VariantName = "[No Variations]"
Add component (AddParameter): Name = "MP"; Value = "ERJU06J203V"; VariantName = "[No Variations]"
Add component (AddParameter): Name = "Package"; Value = "None"; VariantName = "[No Variations]"
Add component (AddParameter): Name = "Price"; Value = "None"; VariantName = "[No Variations]"
Add component (AddParameter): Name = "Value"; Value = ""; VariantName = "[No Variations]"
Added Component: Designator=R8(RES_ERJU08F2201V)
Add component (AddParameter): Name = "Availability"; Value = "Unavailable"; VariantName = "[No Variations]"
Add component (AddParameter): Name = "MF"; Value = ""; VariantName = "[No Variations]"
Add component (AddParameter): Name = "MP"; Value = "ERJU08F2201V"; VariantName = "[No Variations]"
Add component (AddParameter): Name = "Package"; Value = "None"; VariantName = "[No Variations]"
Add component (AddParameter): Name = "Price"; Value = "None"; VariantName = "[No Variations]"
Add component (AddParameter): Name = "Value"; Value = ""; VariantName = "[No Variations]"
Added Component: Designator=R9(RES_ERJU08F2201V)
Add component (AddParameter): Name = "Availability"; Value = "Unavailable"; VariantName = "[No Variations]"
Add component (AddParameter): Name = "MF"; Value = ""; VariantName = "[No Variations]"
Add component (AddParameter): Name = "MP"; Value = "ERJU08F2201V"; VariantName = "[No Variations]"
Add component (AddParameter): Name = "Package"; Value = "None"; VariantName = "[No Variations]"
Add component (AddParameter): Name = "Price"; Value = "None"; VariantName = "[No Variations]"
Add component (AddParameter): Name = "Value"; Value = ""; VariantName = "[No Variations]"
Added Component: Designator=U1(QFP50P1600X1600X160-100N)
Add component (AddParameter): Name = "Check_prices"; Value = "https://www.snapeda.com/parts/STM32H743VIT6/STMicroelectronics/view-part/?ref=eda"; VariantName = "[No Variations]"
Add component (AddParameter): Name = "MF"; Value = "STMicroelectronics"; VariantName = "[No Variations]"
Add component (AddParameter): Name = "MP"; Value = "STM32H743VIT6"; VariantName = "[No Variations]"
Add component (AddParameter): Name = "Package"; Value = "LQFP-100 STMicroelectronics"; VariantName = "[No Variations]"
Add component (AddParameter): Name = "SnapEDA_Link"; Value = "https://www.snapeda.com/parts/STM32H743VIT6/STMicroelectronics/view-part/?ref=snap"; VariantName = "[No Variations]"
Add component (AddParameter): Name = "Value"; Value = ""; VariantName = "[No Variations]"
Added Component: Designator=U2(SOT229P700X180-4N)
Add component (AddParameter): Name = "Check_prices"; Value = "https://www.snapeda.com/parts/AMS1117-3.3/Advanced+Monolithic+Systems/view-part/?ref=eda"; VariantName = "[No Variations]"
Add component (AddParameter): Name = "MF"; Value = "Advanced Monolithic Systems"; VariantName = "[No Variations]"
Add component (AddParameter): Name = "MP"; Value = "AMS1117-3.3"; VariantName = "[No Variations]"
Add component (AddParameter): Name = "Package"; Value = "SOT-223 Seeed Technology"; VariantName = "[No Variations]"
Add component (AddParameter): Name = "SnapEDA_Link"; Value = "https://www.snapeda.com/parts/AMS1117-3.3/Advanced+Monolithic+Systems/view-part/?ref=snap"; VariantName = "[No Variations]"
Add component (AddParameter): Name = "Value"; Value = ""; VariantName = "[No Variations]"
Added Component: Designator=Y1(XTAL_C3E-24.000-12-3030-R)
Add component (AddParameter): Name = "Availability"; Value = "Unavailable"; VariantName = "[No Variations]"
Add component (AddParameter): Name = "MF"; Value = ""; VariantName = "[No Variations]"
Add component (AddParameter): Name = "MP"; Value = "C3E-24.000-12-3030-R"; VariantName = "[No Variations]"
Add component (AddParameter): Name = "Package"; Value = "None"; VariantName = "[No Variations]"
Add component (AddParameter): Name = "Price"; Value = "None"; VariantName = "[No Variations]"
Add component (AddParameter): Name = "Value"; Value = ""; VariantName = "[No Variations]"
Added Component: Designator=Y2(XTAL_FC-135_32.7680KA-A0)
Add component (AddParameter): Name = "Check_prices"; Value = "https://www.snapeda.com/parts/FC-135%2032.7680KA-A0/EPSON/view-part/?ref=eda"; VariantName = "[No Variations]"
Add component (AddParameter): Name = "MF"; Value = "EPSON"; VariantName = "[No Variations]"
Add component (AddParameter): Name = "MP"; Value = "FC-135 32.7680KA-A0"; VariantName = "[No Variations]"
Add component (AddParameter): Name = "Package"; Value = "SMD-2 Epson"; VariantName = "[No Variations]"
Add component (AddParameter): Name = "SnapEDA_Link"; Value = "https://www.snapeda.com/parts/FC-135%2032.7680KA-A0/EPSON/view-part/?ref=snap"; VariantName = "[No Variations]"
Add component (AddParameter): Name = "Value"; Value = ""; VariantName = "[No Variations]"
Added Pin To Net: NetName=+3.3V Pin=C1-2
Added Pin To Net: NetName=+3.3V Pin=C3-1
Added Pin To Net: NetName=+3.3V Pin=C5-2
Added Pin To Net: NetName=+3.3V Pin=C13-1
Added Pin To Net: NetName=+3.3V Pin=D1-A
Added Pin To Net: NetName=+3.3V Pin=D6-C
Added Pin To Net: NetName=+3.3V Pin=J2-P4
Added Pin To Net: NetName=+3.3V Pin=MK1-5
Added Pin To Net: NetName=+3.3V Pin=U1-11
Added Pin To Net: NetName=+3.3V Pin=U1-20
Added Pin To Net: NetName=+3.3V Pin=U1-21
Added Pin To Net: NetName=+3.3V Pin=U1-27
Added Pin To Net: NetName=+3.3V Pin=U1-50
Added Pin To Net: NetName=+3.3V Pin=U1-75
Added Pin To Net: NetName=+3.3V Pin=U1-100
Added Pin To Net: NetName=+3.3V Pin=U2-2
Added Net: Name=+3.3V
Added Pin To Net: NetName=+5V Pin=C2-1
Added Pin To Net: NetName=+5V Pin=C12-1
Added Pin To Net: NetName=+5V Pin=D4-C
Added Pin To Net: NetName=+5V Pin=U2-3
Added Net: Name=+5V
Added Pin To Net: NetName=GND Pin=*-3
Added Pin To Net: NetName=GND Pin=C1-1
Added Pin To Net: NetName=GND Pin=C2-2
Added Pin To Net: NetName=GND Pin=C3-2
Added Pin To Net: NetName=GND Pin=C4-2
Added Pin To Net: NetName=GND Pin=C5-1
Added Pin To Net: NetName=GND Pin=C6-1
Added Pin To Net: NetName=GND Pin=C7-1
Added Pin To Net: NetName=GND Pin=C10-1
Added Pin To Net: NetName=GND Pin=C11-1
Added Pin To Net: NetName=GND Pin=C12-2
Added Pin To Net: NetName=GND Pin=C13-2
Added Pin To Net: NetName=GND Pin=D1-C
Added Pin To Net: NetName=GND Pin=D2-2
Added Pin To Net: NetName=GND Pin=D5-2
Added Pin To Net: NetName=GND Pin=D6-A
Added Pin To Net: NetName=GND Pin=J1-A1_B12
Added Pin To Net: NetName=GND Pin=J1-B1_A12
Added Pin To Net: NetName=GND Pin=J1-S1
Added Pin To Net: NetName=GND Pin=J1-S2
Added Pin To Net: NetName=GND Pin=J1-S3
Added Pin To Net: NetName=GND Pin=J1-S4
Added Pin To Net: NetName=GND Pin=J2-P6
Added Pin To Net: NetName=GND Pin=J2-SH1
Added Pin To Net: NetName=GND Pin=J2-SH2
Added Pin To Net: NetName=GND Pin=J2-SH3
Added Pin To Net: NetName=GND Pin=J2-SH4
Added Pin To Net: NetName=GND Pin=MK1-3
Added Pin To Net: NetName=GND Pin=R1-1
Added Pin To Net: NetName=GND Pin=R2-1
Added Pin To Net: NetName=GND Pin=R3-2
Added Pin To Net: NetName=GND Pin=R4-2
Added Pin To Net: NetName=GND Pin=U1-10
Added Pin To Net: NetName=GND Pin=U1-19
Added Pin To Net: NetName=GND Pin=U1-26
Added Pin To Net: NetName=GND Pin=U1-49
Added Pin To Net: NetName=GND Pin=U1-74
Added Pin To Net: NetName=GND Pin=U1-99
Added Pin To Net: NetName=GND Pin=U2-1
Added Pin To Net: NetName=GND Pin=Y1-2
Added Pin To Net: NetName=GND Pin=Y1-4
Added Pin To Net: NetName=GND Pin=Y2-1
Added Pin To Net: NetName=GND Pin=Y2-2
Added Net: Name=GND
Added Pin To Net: NetName=LedResult Pin=D3-A
Added Pin To Net: NetName=LedResult Pin=U1-36
Added Net: Name=LedResult
Added Pin To Net: NetName=LR Pin=MK1-2
Added Pin To Net: NetName=LR Pin=U1-31
Added Net: Name=LR
Added Pin To Net: NetName=Net*_2 Pin=*-2
Added Pin To Net: NetName=Net*_2 Pin=C4-1
Added Pin To Net: NetName=Net*_2 Pin=U1-14
Added Net: Name=Net*_2
Added Pin To Net: NetName=NetC8_1 Pin=C8-1
Added Pin To Net: NetName=NetC8_1 Pin=Y1-1
Added Net: Name=NetC8_1
Added Pin To Net: NetName=NetC9_2 Pin=C9-2
Added Pin To Net: NetName=NetC9_2 Pin=Y1-3
Added Net: Name=NetC9_2
Added Pin To Net: NetName=NetC10_2 Pin=C10-2
Added Pin To Net: NetName=NetC10_2 Pin=R8-2
Added Net: Name=NetC10_2
Added Pin To Net: NetName=NetC11_2 Pin=C11-2
Added Pin To Net: NetName=NetC11_2 Pin=R9-2
Added Net: Name=NetC11_2
Added Pin To Net: NetName=NetD3_C Pin=D3-C
Added Pin To Net: NetName=NetD3_C Pin=R2-2
Added Net: Name=NetD3_C
Added Pin To Net: NetName=NetR1_2 Pin=R1-2
Added Pin To Net: NetName=NetR1_2 Pin=U1-94
Added Net: Name=NetR1_2
Added Pin To Net: NetName=PC15-OSC32-IN Pin=R9-1
Added Pin To Net: NetName=PC15-OSC32-IN Pin=U1-8
Added Net: Name=PC15-OSC32-IN
Added Pin To Net: NetName=PC15-OSC32-OUT Pin=R8-1
Added Pin To Net: NetName=PC15-OSC32-OUT Pin=U1-9
Added Net: Name=PC15-OSC32-OUT
Added Pin To Net: NetName=PH0-OSC-IN Pin=C8-2
Added Pin To Net: NetName=PH0-OSC-IN Pin=U1-12
Added Net: Name=PH0-OSC-IN
Added Pin To Net: NetName=PH1-OSC_OUT Pin=C9-1
Added Pin To Net: NetName=PH1-OSC_OUT Pin=U1-13
Added Net: Name=PH1-OSC_OUT
Added Pin To Net: NetName=SCK Pin=MK1-4
Added Pin To Net: NetName=SCK Pin=U1-29
Added Net: Name=SCK
Added Pin To Net: NetName=SDIO_CLK Pin=J2-P5
Added Pin To Net: NetName=SDIO_CLK Pin=U1-80
Added Net: Name=SDIO_CLK
Added Pin To Net: NetName=SDIO_CMD Pin=J2-P3
Added Pin To Net: NetName=SDIO_CMD Pin=U1-83
Added Net: Name=SDIO_CMD
Added Pin To Net: NetName=SDIO_D0 Pin=J2-P7
Added Pin To Net: NetName=SDIO_D0 Pin=U1-65
Added Net: Name=SDIO_D0
Added Pin To Net: NetName=SDIO_D1 Pin=J2-P8
Added Pin To Net: NetName=SDIO_D1 Pin=U1-66
Added Net: Name=SDIO_D1
Added Pin To Net: NetName=SDIO_D2 Pin=J2-P1
Added Pin To Net: NetName=SDIO_D2 Pin=U1-78
Added Net: Name=SDIO_D2
Added Pin To Net: NetName=SDIO_D3 Pin=J2-P2
Added Pin To Net: NetName=SDIO_D3 Pin=U1-79
Added Net: Name=SDIO_D3
Added Pin To Net: NetName=SDIO_NCD Pin=J2-P9
Added Pin To Net: NetName=SDIO_NCD Pin=U1-17
Added Net: Name=SDIO_NCD
Added Pin To Net: NetName=SDI Pin=MK1-6
Added Pin To Net: NetName=SDI Pin=U1-30
Added Net: Name=SDI
Added Pin To Net: NetName=USB1_DN Pin=D2-1
Added Pin To Net: NetName=USB1_DN Pin=U1-70
Added Net: Name=USB1_DN
Added Pin To Net: NetName=USB1_DP Pin=D5-1
Added Pin To Net: NetName=USB1_DP Pin=U1-71
Added Net: Name=USB1_DP
Added Pin To Net: NetName=USB_CC1 Pin=J1-A5
Added Pin To Net: NetName=USB_CC1 Pin=R3-1
Added Net: Name=USB_CC1
Added Pin To Net: NetName=USB_CC2 Pin=J1-B5
Added Pin To Net: NetName=USB_CC2 Pin=R4-1
Added Net: Name=USB_CC2
Added Pin To Net: NetName=USB_DN Pin=J1-A7
Added Pin To Net: NetName=USB_DN Pin=J1-B7
Added Net: Name=USB_DN
Added Pin To Net: NetName=USB_DP Pin=J1-A6
Added Pin To Net: NetName=USB_DP Pin=J1-B6
Added Net: Name=USB_DP
Added Pin To Net: NetName=VBUS Pin=D4-A
Added Pin To Net: NetName=VBUS Pin=J1-A4_B9
Added Pin To Net: NetName=VBUS Pin=J1-B4_A9
Added Net: Name=VBUS
Added Pin To Net: NetName=VCAP1 Pin=C6-2
Added Pin To Net: NetName=VCAP1 Pin=U1-48
Added Net: Name=VCAP1
Added Pin To Net: NetName=VCAP2 Pin=C7-2
Added Pin To Net: NetName=VCAP2 Pin=U1-73
Added Net: Name=VCAP2
Added Pin To Net: NetName=WS Pin=MK1-1
Added Pin To Net: NetName=WS Pin=U1-28
Added Net: Name=WS
Added Class: Name=Sheet3
Added Rule: Name=Schematic Supply Nets
Added Rule: Name=Schematic Supply Nets_1
Added Rule: Name=Schematic Supply Nets_2
Added Rule: Name=Schematic Supply Nets_3
