Added Component: Designator=C1(CAPC2012X94N)
Add component (AddParameter): Name = "Check_prices"; Value = "https://www.snapeda.com/parts/CL10B104KB8NNNC/Samsung/view-part/?ref=eda"; VariantName = "[No Variations]"
Add component (AddParameter): Name = "MF"; Value = "Samsung Electro-Mechanics"; VariantName = "[No Variations]"
Add component (AddParameter): Name = "MP"; Value = "CL10B104KB8NNNC"; VariantName = "[No Variations]"
Add component (AddParameter): Name = "Package"; Value = "1608-2 SAMSUNG"; VariantName = "[No Variations]"
Add component (AddParameter): Name = "SnapEDA_Link"; Value = "https://www.snapeda.com/parts/CL10B104KB8NNNC/Samsung/view-part/?ref=snap"; VariantName = "[No Variations]"
Add component (AddParameter): Name = "Value"; Value = ""; VariantName = "[No Variations]"
Added Component: Designator=C2(CAPC2012X94N)
Add component (AddParameter): Name = "Check_prices"; Value = "https://www.snapeda.com/parts/CL10B104KB8NNNC/Samsung/view-part/?ref=eda"; VariantName = "[No Variations]"
Add component (AddParameter): Name = "MF"; Value = "Samsung Electro-Mechanics"; VariantName = "[No Variations]"
Add component (AddParameter): Name = "MP"; Value = "CL10B104KB8NNNC"; VariantName = "[No Variations]"
Add component (AddParameter): Name = "Package"; Value = "1608-2 SAMSUNG"; VariantName = "[No Variations]"
Add component (AddParameter): Name = "SnapEDA_Link"; Value = "https://www.snapeda.com/parts/CL10B104KB8NNNC/Samsung/view-part/?ref=snap"; VariantName = "[No Variations]"
Add component (AddParameter): Name = "Value"; Value = ""; VariantName = "[No Variations]"
Added Component: Designator=C3(CAPC2012X94N)
Add component (AddParameter): Name = "Check_prices"; Value = "https://www.snapeda.com/parts/CL10B104KB8NNNC/Samsung/view-part/?ref=eda"; VariantName = "[No Variations]"
Add component (AddParameter): Name = "MF"; Value = "Samsung Electro-Mechanics"; VariantName = "[No Variations]"
Add component (AddParameter): Name = "MP"; Value = "CL10B104KB8NNNC"; VariantName = "[No Variations]"
Add component (AddParameter): Name = "Package"; Value = "1608-2 SAMSUNG"; VariantName = "[No Variations]"
Add component (AddParameter): Name = "SnapEDA_Link"; Value = "https://www.snapeda.com/parts/CL10B104KB8NNNC/Samsung/view-part/?ref=snap"; VariantName = "[No Variations]"
Add component (AddParameter): Name = "Value"; Value = ""; VariantName = "[No Variations]"
Added Component: Designator=C4(CAPC2012X94N)
Add component (AddParameter): Name = "Check_prices"; Value = "https://www.snapeda.com/parts/CL10B104KB8NNNC/Samsung/view-part/?ref=eda"; VariantName = "[No Variations]"
Add component (AddParameter): Name = "MF"; Value = "Samsung Electro-Mechanics"; VariantName = "[No Variations]"
Add component (AddParameter): Name = "MP"; Value = "CL10B104KB8NNNC"; VariantName = "[No Variations]"
Add component (AddParameter): Name = "Package"; Value = "1608-2 SAMSUNG"; VariantName = "[No Variations]"
Add component (AddParameter): Name = "SnapEDA_Link"; Value = "https://www.snapeda.com/parts/CL10B104KB8NNNC/Samsung/view-part/?ref=snap"; VariantName = "[No Variations]"
Add component (AddParameter): Name = "Value"; Value = ""; VariantName = "[No Variations]"
Added Component: Designator=C5(CAPC2012X94N)
Add component (AddParameter): Name = "Check_prices"; Value = "https://www.snapeda.com/parts/CL10B104KB8NNNC/Samsung/view-part/?ref=eda"; VariantName = "[No Variations]"
Add component (AddParameter): Name = "MF"; Value = "Samsung Electro-Mechanics"; VariantName = "[No Variations]"
Add component (AddParameter): Name = "MP"; Value = "CL10B104KB8NNNC"; VariantName = "[No Variations]"
Add component (AddParameter): Name = "Package"; Value = "1608-2 SAMSUNG"; VariantName = "[No Variations]"
Add component (AddParameter): Name = "SnapEDA_Link"; Value = "https://www.snapeda.com/parts/CL10B104KB8NNNC/Samsung/view-part/?ref=snap"; VariantName = "[No Variations]"
Add component (AddParameter): Name = "Value"; Value = ""; VariantName = "[No Variations]"
Added Component: Designator=C6(CAPC2012X94N)
Add component (AddParameter): Name = "Check_prices"; Value = "https://www.snapeda.com/parts/CL10B104KB8NNNC/Samsung/view-part/?ref=eda"; VariantName = "[No Variations]"
Add component (AddParameter): Name = "MF"; Value = "Samsung Electro-Mechanics"; VariantName = "[No Variations]"
Add component (AddParameter): Name = "MP"; Value = "CL10B104KB8NNNC"; VariantName = "[No Variations]"
Add component (AddParameter): Name = "Package"; Value = "1608-2 SAMSUNG"; VariantName = "[No Variations]"
Add component (AddParameter): Name = "SnapEDA_Link"; Value = "https://www.snapeda.com/parts/CL10B104KB8NNNC/Samsung/view-part/?ref=snap"; VariantName = "[No Variations]"
Add component (AddParameter): Name = "Value"; Value = ""; VariantName = "[No Variations]"
Added Component: Designator=C7(CAPC2012X94N)
Add component (AddParameter): Name = "Check_prices"; Value = "https://www.snapeda.com/parts/CL10B104KB8NNNC/Samsung/view-part/?ref=eda"; VariantName = "[No Variations]"
Add component (AddParameter): Name = "MF"; Value = "Samsung Electro-Mechanics"; VariantName = "[No Variations]"
Add component (AddParameter): Name = "MP"; Value = "CL10B104KB8NNNC"; VariantName = "[No Variations]"
Add component (AddParameter): Name = "Package"; Value = "1608-2 SAMSUNG"; VariantName = "[No Variations]"
Add component (AddParameter): Name = "SnapEDA_Link"; Value = "https://www.snapeda.com/parts/CL10B104KB8NNNC/Samsung/view-part/?ref=snap"; VariantName = "[No Variations]"
Add component (AddParameter): Name = "Value"; Value = ""; VariantName = "[No Variations]"
Added Component: Designator=C8(CAPC2012X94N)
Add component (AddParameter): Name = "Check_prices"; Value = "https://www.snapeda.com/parts/CL10B104KB8NNNC/Samsung/view-part/?ref=eda"; VariantName = "[No Variations]"
Add component (AddParameter): Name = "MF"; Value = "Samsung Electro-Mechanics"; VariantName = "[No Variations]"
Add component (AddParameter): Name = "MP"; Value = "CL10B104KB8NNNC"; VariantName = "[No Variations]"
Add component (AddParameter): Name = "Package"; Value = "1608-2 SAMSUNG"; VariantName = "[No Variations]"
Add component (AddParameter): Name = "SnapEDA_Link"; Value = "https://www.snapeda.com/parts/CL10B104KB8NNNC/Samsung/view-part/?ref=snap"; VariantName = "[No Variations]"
Add component (AddParameter): Name = "Value"; Value = ""; VariantName = "[No Variations]"
Added Component: Designator=C9(CAPC2012X94N)
Add component (AddParameter): Name = "Check_prices"; Value = "https://www.snapeda.com/parts/CL10B104KB8NNNC/Samsung/view-part/?ref=eda"; VariantName = "[No Variations]"
Add component (AddParameter): Name = "MF"; Value = "Samsung Electro-Mechanics"; VariantName = "[No Variations]"
Add component (AddParameter): Name = "MP"; Value = "CL10B104KB8NNNC"; VariantName = "[No Variations]"
Add component (AddParameter): Name = "Package"; Value = "1608-2 SAMSUNG"; VariantName = "[No Variations]"
Add component (AddParameter): Name = "SnapEDA_Link"; Value = "https://www.snapeda.com/parts/CL10B104KB8NNNC/Samsung/view-part/?ref=snap"; VariantName = "[No Variations]"
Add component (AddParameter): Name = "Value"; Value = ""; VariantName = "[No Variations]"
Added Component: Designator=C10(CAPC2012X94N)
Add component (AddParameter): Name = "Check_prices"; Value = "https://www.snapeda.com/parts/0805YC103J4T2A/AVX/view-part/?ref=eda"; VariantName = "[No Variations]"
Add component (AddParameter): Name = "MF"; Value = "AVX"; VariantName = "[No Variations]"
Add component (AddParameter): Name = "MP"; Value = "0805YC103J4T2A"; VariantName = "[No Variations]"
Add component (AddParameter): Name = "Package"; Value = "2012 AVX"; VariantName = "[No Variations]"
Add component (AddParameter): Name = "SnapEDA_Link"; Value = "https://www.snapeda.com/parts/0805YC103J4T2A/AVX/view-part/?ref=snap"; VariantName = "[No Variations]"
Add component (AddParameter): Name = "Value"; Value = ""; VariantName = "[No Variations]"
Added Component: Designator=C11(CAPC2012X94N)
Add component (AddParameter): Name = "Check_prices"; Value = "https://www.snapeda.com/parts/CL10B104KB8NNNC/Samsung/view-part/?ref=eda"; VariantName = "[No Variations]"
Add component (AddParameter): Name = "MF"; Value = "Samsung Electro-Mechanics"; VariantName = "[No Variations]"
Add component (AddParameter): Name = "MP"; Value = "CL10B104KB8NNNC"; VariantName = "[No Variations]"
Add component (AddParameter): Name = "Package"; Value = "1608-2 SAMSUNG"; VariantName = "[No Variations]"
Add component (AddParameter): Name = "SnapEDA_Link"; Value = "https://www.snapeda.com/parts/CL10B104KB8NNNC/Samsung/view-part/?ref=snap"; VariantName = "[No Variations]"
Add component (AddParameter): Name = "Value"; Value = ""; VariantName = "[No Variations]"
Added Component: Designator=C12(CAPC2012X94N)
Add component (AddParameter): Name = "Check_prices"; Value = "https://www.snapeda.com/parts/CL10B104KB8NNNC/Samsung/view-part/?ref=eda"; VariantName = "[No Variations]"
Add component (AddParameter): Name = "MF"; Value = "Samsung Electro-Mechanics"; VariantName = "[No Variations]"
Add component (AddParameter): Name = "MP"; Value = "CL10B104KB8NNNC"; VariantName = "[No Variations]"
Add component (AddParameter): Name = "Package"; Value = "1608-2 SAMSUNG"; VariantName = "[No Variations]"
Add component (AddParameter): Name = "SnapEDA_Link"; Value = "https://www.snapeda.com/parts/CL10B104KB8NNNC/Samsung/view-part/?ref=snap"; VariantName = "[No Variations]"
Add component (AddParameter): Name = "Value"; Value = ""; VariantName = "[No Variations]"
Added Component: Designator=C13(CAPC2012X94N)
Add component (AddParameter): Name = "Check_prices"; Value = "https://www.snapeda.com/parts/0805YC103J4T2A/AVX/view-part/?ref=eda"; VariantName = "[No Variations]"
Add component (AddParameter): Name = "MF"; Value = "AVX"; VariantName = "[No Variations]"
Add component (AddParameter): Name = "MP"; Value = "0805YC103J4T2A"; VariantName = "[No Variations]"
Add component (AddParameter): Name = "Package"; Value = "2012 AVX"; VariantName = "[No Variations]"
Add component (AddParameter): Name = "SnapEDA_Link"; Value = "https://www.snapeda.com/parts/0805YC103J4T2A/AVX/view-part/?ref=snap"; VariantName = "[No Variations]"
Add component (AddParameter): Name = "Value"; Value = ""; VariantName = "[No Variations]"
Added Component: Designator=C14(CAPC2012X94N)
Add component (AddParameter): Name = "Check_prices"; Value = "https://www.snapeda.com/parts/CL10B104KB8NNNC/Samsung/view-part/?ref=eda"; VariantName = "[No Variations]"
Add component (AddParameter): Name = "MF"; Value = "Samsung Electro-Mechanics"; VariantName = "[No Variations]"
Add component (AddParameter): Name = "MP"; Value = "CL10B104KB8NNNC"; VariantName = "[No Variations]"
Add component (AddParameter): Name = "Package"; Value = "1608-2 SAMSUNG"; VariantName = "[No Variations]"
Add component (AddParameter): Name = "SnapEDA_Link"; Value = "https://www.snapeda.com/parts/CL10B104KB8NNNC/Samsung/view-part/?ref=snap"; VariantName = "[No Variations]"
Add component (AddParameter): Name = "Value"; Value = ""; VariantName = "[No Variations]"
Added Component: Designator=C15(CAPC2012X94N)
Add component (AddParameter): Name = "Check_prices"; Value = "https://www.snapeda.com/parts/CL10B104KB8NNNC/Samsung/view-part/?ref=eda"; VariantName = "[No Variations]"
Add component (AddParameter): Name = "MF"; Value = "Samsung Electro-Mechanics"; VariantName = "[No Variations]"
Add component (AddParameter): Name = "MP"; Value = "CL10B104KB8NNNC"; VariantName = "[No Variations]"
Add component (AddParameter): Name = "Package"; Value = "1608-2 SAMSUNG"; VariantName = "[No Variations]"
Add component (AddParameter): Name = "SnapEDA_Link"; Value = "https://www.snapeda.com/parts/CL10B104KB8NNNC/Samsung/view-part/?ref=snap"; VariantName = "[No Variations]"
Add component (AddParameter): Name = "Value"; Value = ""; VariantName = "[No Variations]"
Added Component: Designator=C16(CAPC2012X94N)
Add component (AddParameter): Name = "Check_prices"; Value = "https://www.snapeda.com/parts/CL10B104KB8NNNC/Samsung/view-part/?ref=eda"; VariantName = "[No Variations]"
Add component (AddParameter): Name = "MF"; Value = "Samsung Electro-Mechanics"; VariantName = "[No Variations]"
Add component (AddParameter): Name = "MP"; Value = "CL10B104KB8NNNC"; VariantName = "[No Variations]"
Add component (AddParameter): Name = "Package"; Value = "1608-2 SAMSUNG"; VariantName = "[No Variations]"
Add component (AddParameter): Name = "SnapEDA_Link"; Value = "https://www.snapeda.com/parts/CL10B104KB8NNNC/Samsung/view-part/?ref=snap"; VariantName = "[No Variations]"
Add component (AddParameter): Name = "Value"; Value = ""; VariantName = "[No Variations]"
Added Component: Designator=C17(CAPC2012X94N)
Add component (AddParameter): Name = "Check_prices"; Value = "https://www.snapeda.com/parts/CL10B104KB8NNNC/Samsung/view-part/?ref=eda"; VariantName = "[No Variations]"
Add component (AddParameter): Name = "MF"; Value = "Samsung Electro-Mechanics"; VariantName = "[No Variations]"
Add component (AddParameter): Name = "MP"; Value = "CL10B104KB8NNNC"; VariantName = "[No Variations]"
Add component (AddParameter): Name = "Package"; Value = "1608-2 SAMSUNG"; VariantName = "[No Variations]"
Add component (AddParameter): Name = "SnapEDA_Link"; Value = "https://www.snapeda.com/parts/CL10B104KB8NNNC/Samsung/view-part/?ref=snap"; VariantName = "[No Variations]"
Add component (AddParameter): Name = "Value"; Value = ""; VariantName = "[No Variations]"
Added Component: Designator=C18(CAPC2012X94N)
Add component (AddParameter): Name = "Check_prices"; Value = "https://www.snapeda.com/parts/CL10B104KB8NNNC/Samsung/view-part/?ref=eda"; VariantName = "[No Variations]"
Add component (AddParameter): Name = "MF"; Value = "Samsung Electro-Mechanics"; VariantName = "[No Variations]"
Add component (AddParameter): Name = "MP"; Value = "CL10B104KB8NNNC"; VariantName = "[No Variations]"
Add component (AddParameter): Name = "Package"; Value = "1608-2 SAMSUNG"; VariantName = "[No Variations]"
Add component (AddParameter): Name = "SnapEDA_Link"; Value = "https://www.snapeda.com/parts/CL10B104KB8NNNC/Samsung/view-part/?ref=snap"; VariantName = "[No Variations]"
Add component (AddParameter): Name = "Value"; Value = ""; VariantName = "[No Variations]"
Added Component: Designator=C19(CAPC2012X94N)
Add component (AddParameter): Name = "Check_prices"; Value = "https://www.snapeda.com/parts/CL10B104KB8NNNC/Samsung/view-part/?ref=eda"; VariantName = "[No Variations]"
Add component (AddParameter): Name = "MF"; Value = "Samsung Electro-Mechanics"; VariantName = "[No Variations]"
Add component (AddParameter): Name = "MP"; Value = "CL10B104KB8NNNC"; VariantName = "[No Variations]"
Add component (AddParameter): Name = "Package"; Value = "1608-2 SAMSUNG"; VariantName = "[No Variations]"
Add component (AddParameter): Name = "SnapEDA_Link"; Value = "https://www.snapeda.com/parts/CL10B104KB8NNNC/Samsung/view-part/?ref=snap"; VariantName = "[No Variations]"
Add component (AddParameter): Name = "Value"; Value = ""; VariantName = "[No Variations]"
Added Component: Designator=C20(CAPC2012X94N)
Add component (AddParameter): Name = "Check_prices"; Value = "https://www.snapeda.com/parts/CL10B104KB8NNNC/Samsung/view-part/?ref=eda"; VariantName = "[No Variations]"
Add component (AddParameter): Name = "MF"; Value = "Samsung Electro-Mechanics"; VariantName = "[No Variations]"
Add component (AddParameter): Name = "MP"; Value = "CL10B104KB8NNNC"; VariantName = "[No Variations]"
Add component (AddParameter): Name = "Package"; Value = "1608-2 SAMSUNG"; VariantName = "[No Variations]"
Add component (AddParameter): Name = "SnapEDA_Link"; Value = "https://www.snapeda.com/parts/CL10B104KB8NNNC/Samsung/view-part/?ref=snap"; VariantName = "[No Variations]"
Add component (AddParameter): Name = "Value"; Value = ""; VariantName = "[No Variations]"
Added Component: Designator=C21(CAPC2012X94N)
Add component (AddParameter): Name = "Check_prices"; Value = "https://www.snapeda.com/parts/CL10B104KB8NNNC/Samsung/view-part/?ref=eda"; VariantName = "[No Variations]"
Add component (AddParameter): Name = "MF"; Value = "Samsung Electro-Mechanics"; VariantName = "[No Variations]"
Add component (AddParameter): Name = "MP"; Value = "CL10B104KB8NNNC"; VariantName = "[No Variations]"
Add component (AddParameter): Name = "Package"; Value = "1608-2 SAMSUNG"; VariantName = "[No Variations]"
Add component (AddParameter): Name = "SnapEDA_Link"; Value = "https://www.snapeda.com/parts/CL10B104KB8NNNC/Samsung/view-part/?ref=snap"; VariantName = "[No Variations]"
Add component (AddParameter): Name = "Value"; Value = ""; VariantName = "[No Variations]"
Added Component: Designator=C22(CAPC2012X94N)
Add component (AddParameter): Name = "Check_prices"; Value = "https://www.snapeda.com/parts/CL10B104KB8NNNC/Samsung/view-part/?ref=eda"; VariantName = "[No Variations]"
Add component (AddParameter): Name = "MF"; Value = "Samsung Electro-Mechanics"; VariantName = "[No Variations]"
Add component (AddParameter): Name = "MP"; Value = "CL10B104KB8NNNC"; VariantName = "[No Variations]"
Add component (AddParameter): Name = "Package"; Value = "1608-2 SAMSUNG"; VariantName = "[No Variations]"
Add component (AddParameter): Name = "SnapEDA_Link"; Value = "https://www.snapeda.com/parts/CL10B104KB8NNNC/Samsung/view-part/?ref=snap"; VariantName = "[No Variations]"
Add component (AddParameter): Name = "Value"; Value = ""; VariantName = "[No Variations]"
Added Component: Designator=J1(TE_3-644456-2)
Add component (AddParameter): Name = "Check_prices"; Value = "https://www.snapeda.com/parts/3-644456-2/TE+Connectivity+AMP+Connectors/view-part/?ref=eda"; VariantName = "[No Variations]"
Add component (AddParameter): Name = "MF"; Value = "TE Connectivity"; VariantName = "[No Variations]"
Add component (AddParameter): Name = "MP"; Value = "3-644456-2"; VariantName = "[No Variations]"
Add component (AddParameter): Name = "Package"; Value = "None"; VariantName = "[No Variations]"
Add component (AddParameter): Name = "SnapEDA_Link"; Value = "https://www.snapeda.com/parts/3-644456-2/TE+Connectivity+AMP+Connectors/view-part/?ref=snap"; VariantName = "[No Variations]"
Add component (AddParameter): Name = "Value"; Value = ""; VariantName = "[No Variations]"
Added Component: Designator=J2(HRO_TYPE-C-31-M-12)
Add component (AddParameter): Name = "Check_prices"; Value = "https://www.snapeda.com/parts/TYPE-C-31-M-12/HRO+Electronics+Co.%252C+Ltd./view-part/?ref=eda"; VariantName = "[No Variations]"
Add component (AddParameter): Name = "MF"; Value = "HRO Electronics Co., Ltd."; VariantName = "[No Variations]"
Add component (AddParameter): Name = "MP"; Value = "TYPE-C-31-M-12"; VariantName = "[No Variations]"
Add component (AddParameter): Name = "Package"; Value = "Package"; VariantName = "[No Variations]"
Add component (AddParameter): Name = "SnapEDA_Link"; Value = "https://www.snapeda.com/parts/TYPE-C-31-M-12/HRO+Electronics+Co.%252C+Ltd./view-part/?ref=snap"; VariantName = "[No Variations]"
Add component (AddParameter): Name = "Value"; Value = ""; VariantName = "[No Variations]"
Added Component: Designator=MK1(MIC_ICS-43434)
Add component (AddParameter): Name = "Availability"; Value = "In Stock"; VariantName = "[No Variations]"
Add component (AddParameter): Name = "Check_prices"; Value = "https://www.snapeda.com/parts/ICS-43434/TDK+InvenSense/view-part/?ref=eda"; VariantName = "[No Variations]"
Add component (AddParameter): Name = "MF"; Value = "TDK InvenSense"; VariantName = "[No Variations]"
Add component (AddParameter): Name = "MP"; Value = "ICS-43434"; VariantName = "[No Variations]"
Add component (AddParameter): Name = "Package"; Value = "Custom Package TDK InvenSense"; VariantName = "[No Variations]"
Add component (AddParameter): Name = "Price"; Value = "None"; VariantName = "[No Variations]"
Add component (AddParameter): Name = "Purchase-URL"; Value = "https://pricing.snapeda.com/search/part/ICS-43434/?ref=eda"; VariantName = "[No Variations]"
Add component (AddParameter): Name = "SnapEDA_Link"; Value = "https://www.snapeda.com/parts/ICS-43434/TDK+InvenSense/view-part/?ref=snap"; VariantName = "[No Variations]"
Add component (AddParameter): Name = "Value"; Value = ""; VariantName = "[No Variations]"
Added Component: Designator=MK2(MIC_ICS-43434)
Add component (AddParameter): Name = "Availability"; Value = "In Stock"; VariantName = "[No Variations]"
Add component (AddParameter): Name = "Check_prices"; Value = "https://www.snapeda.com/parts/ICS-43434/TDK+InvenSense/view-part/?ref=eda"; VariantName = "[No Variations]"
Add component (AddParameter): Name = "MF"; Value = "TDK InvenSense"; VariantName = "[No Variations]"
Add component (AddParameter): Name = "MP"; Value = "ICS-43434"; VariantName = "[No Variations]"
Add component (AddParameter): Name = "Package"; Value = "Custom Package TDK InvenSense"; VariantName = "[No Variations]"
Add component (AddParameter): Name = "Price"; Value = "None"; VariantName = "[No Variations]"
Add component (AddParameter): Name = "Purchase-URL"; Value = "https://pricing.snapeda.com/search/part/ICS-43434/?ref=eda"; VariantName = "[No Variations]"
Add component (AddParameter): Name = "SnapEDA_Link"; Value = "https://www.snapeda.com/parts/ICS-43434/TDK+InvenSense/view-part/?ref=snap"; VariantName = "[No Variations]"
Add component (AddParameter): Name = "Value"; Value = ""; VariantName = "[No Variations]"
Added Component: Designator=POWER1(LEDC2012X70N)
Add component (AddParameter): Name = "Check_prices"; Value = "https://www.snapeda.com/parts/597-5411-407F/Dialight/view-part/?ref=eda"; VariantName = "[No Variations]"
Add component (AddParameter): Name = "MF"; Value = "Dialight"; VariantName = "[No Variations]"
Add component (AddParameter): Name = "MP"; Value = "597-5411-407F"; VariantName = "[No Variations]"
Add component (AddParameter): Name = "Package"; Value = "0805 Dialight"; VariantName = "[No Variations]"
Add component (AddParameter): Name = "SnapEDA_Link"; Value = "https://www.snapeda.com/parts/597-5411-407F/Dialight/view-part/?ref=snap"; VariantName = "[No Variations]"
Add component (AddParameter): Name = "Value"; Value = ""; VariantName = "[No Variations]"
Added Component: Designator=R1(RES_ERJU06J203V)
Add component (AddParameter): Name = "Availability"; Value = "Unavailable"; VariantName = "[No Variations]"
Add component (AddParameter): Name = "MF"; Value = ""; VariantName = "[No Variations]"
Add component (AddParameter): Name = "MP"; Value = "ERJU06J203V"; VariantName = "[No Variations]"
Add component (AddParameter): Name = "Package"; Value = "None"; VariantName = "[No Variations]"
Add component (AddParameter): Name = "Price"; Value = "None"; VariantName = "[No Variations]"
Add component (AddParameter): Name = "Value"; Value = ""; VariantName = "[No Variations]"
Added Component: Designator=R2(RES_ERJU06J203V)
Add component (AddParameter): Name = "Availability"; Value = "Unavailable"; VariantName = "[No Variations]"
Add component (AddParameter): Name = "MF"; Value = ""; VariantName = "[No Variations]"
Add component (AddParameter): Name = "MP"; Value = "ERJU06J203V"; VariantName = "[No Variations]"
Add component (AddParameter): Name = "Package"; Value = "None"; VariantName = "[No Variations]"
Add component (AddParameter): Name = "Price"; Value = "None"; VariantName = "[No Variations]"
Add component (AddParameter): Name = "Value"; Value = ""; VariantName = "[No Variations]"
Added Component: Designator=R3(RES_ERJU06J203V)
Add component (AddParameter): Name = "Availability"; Value = "Unavailable"; VariantName = "[No Variations]"
Add component (AddParameter): Name = "MF"; Value = ""; VariantName = "[No Variations]"
Add component (AddParameter): Name = "MP"; Value = "ERJU06J203V"; VariantName = "[No Variations]"
Add component (AddParameter): Name = "Package"; Value = "None"; VariantName = "[No Variations]"
Add component (AddParameter): Name = "Price"; Value = "None"; VariantName = "[No Variations]"
Add component (AddParameter): Name = "Value"; Value = ""; VariantName = "[No Variations]"
Added Component: Designator=R4(RES_ERJU06J203V)
Add component (AddParameter): Name = "Availability"; Value = "Unavailable"; VariantName = "[No Variations]"
Add component (AddParameter): Name = "MF"; Value = ""; VariantName = "[No Variations]"
Add component (AddParameter): Name = "MP"; Value = "ERJU06J203V"; VariantName = "[No Variations]"
Add component (AddParameter): Name = "Package"; Value = "None"; VariantName = "[No Variations]"
Add component (AddParameter): Name = "Price"; Value = "None"; VariantName = "[No Variations]"
Add component (AddParameter): Name = "Value"; Value = ""; VariantName = "[No Variations]"
Added Component: Designator=R5(RES_ERJU06J203V)
Add component (AddParameter): Name = "Availability"; Value = "Unavailable"; VariantName = "[No Variations]"
Add component (AddParameter): Name = "MF"; Value = ""; VariantName = "[No Variations]"
Add component (AddParameter): Name = "MP"; Value = "ERJU06J203V"; VariantName = "[No Variations]"
Add component (AddParameter): Name = "Package"; Value = "None"; VariantName = "[No Variations]"
Add component (AddParameter): Name = "Price"; Value = "None"; VariantName = "[No Variations]"
Add component (AddParameter): Name = "Value"; Value = ""; VariantName = "[No Variations]"
Added Component: Designator=RESULT1(LEDC2012X70N)
Add component (AddParameter): Name = "Check_prices"; Value = "https://www.snapeda.com/parts/597-5411-407F/Dialight/view-part/?ref=eda"; VariantName = "[No Variations]"
Add component (AddParameter): Name = "MF"; Value = "Dialight"; VariantName = "[No Variations]"
Add component (AddParameter): Name = "MP"; Value = "597-5411-407F"; VariantName = "[No Variations]"
Add component (AddParameter): Name = "Package"; Value = "0805 Dialight"; VariantName = "[No Variations]"
Add component (AddParameter): Name = "SnapEDA_Link"; Value = "https://www.snapeda.com/parts/597-5411-407F/Dialight/view-part/?ref=snap"; VariantName = "[No Variations]"
Add component (AddParameter): Name = "Value"; Value = ""; VariantName = "[No Variations]"
Added Component: Designator=RST1(Button2PSMD)
Added Component: Designator=SD Card1(GCT_MEM2075-00-140-01-A)
Add component (AddParameter): Name = "Check_prices"; Value = "https://www.snapeda.com/parts/MEM2075-00-140-01-A/Global+Connector+Technology/view-part/?ref=eda"; VariantName = "[No Variations]"
Add component (AddParameter): Name = "MF"; Value = "Global Connector Technology"; VariantName = "[No Variations]"
Add component (AddParameter): Name = "MP"; Value = "MEM2075-00-140-01-A"; VariantName = "[No Variations]"
Add component (AddParameter): Name = "Package"; Value = "None"; VariantName = "[No Variations]"
Add component (AddParameter): Name = "SnapEDA_Link"; Value = "https://www.snapeda.com/parts/MEM2075-00-140-01-A/Global+Connector+Technology/view-part/?ref=snap"; VariantName = "[No Variations]"
Add component (AddParameter): Name = "Value"; Value = ""; VariantName = "[No Variations]"
Added Component: Designator=TP2(PCBComponent_1)
Add component (AddParameter): Name = "Value"; Value = "Test point"; VariantName = "[No Variations]"
Added Component: Designator=TP3(PCBComponent_1)
Add component (AddParameter): Name = "Value"; Value = "Test point"; VariantName = "[No Variations]"
Added Component: Designator=TP4(PCBComponent_1)
Add component (AddParameter): Name = "Value"; Value = "Test point"; VariantName = "[No Variations]"
Added Component: Designator=U1(QFP50P1600X1600X160-100N)
Add component (AddParameter): Name = "Check_prices"; Value = "https://www.snapeda.com/parts/STM32H743VIT6/STMicroelectronics/view-part/?ref=eda"; VariantName = "[No Variations]"
Add component (AddParameter): Name = "MF"; Value = "STMicroelectronics"; VariantName = "[No Variations]"
Add component (AddParameter): Name = "MP"; Value = "STM32H743VIT6"; VariantName = "[No Variations]"
Add component (AddParameter): Name = "Package"; Value = "LQFP-100 STMicroelectronics"; VariantName = "[No Variations]"
Add component (AddParameter): Name = "SnapEDA_Link"; Value = "https://www.snapeda.com/parts/STM32H743VIT6/STMicroelectronics/view-part/?ref=snap"; VariantName = "[No Variations]"
Add component (AddParameter): Name = "Value"; Value = ""; VariantName = "[No Variations]"
Added Component: Designator=U2(SOT229P700X180-4N)
Add component (AddParameter): Name = "Check_prices"; Value = "https://www.snapeda.com/parts/AMS1117-3.3/Advanced+Monolithic+Systems/view-part/?ref=eda"; VariantName = "[No Variations]"
Add component (AddParameter): Name = "MF"; Value = "Advanced Monolithic Systems"; VariantName = "[No Variations]"
Add component (AddParameter): Name = "MP"; Value = "AMS1117-3.3"; VariantName = "[No Variations]"
Add component (AddParameter): Name = "Package"; Value = "SOT-223 Seeed Technology"; VariantName = "[No Variations]"
Add component (AddParameter): Name = "SnapEDA_Link"; Value = "https://www.snapeda.com/parts/AMS1117-3.3/Advanced+Monolithic+Systems/view-part/?ref=snap"; VariantName = "[No Variations]"
Add component (AddParameter): Name = "Value"; Value = ""; VariantName = "[No Variations]"
Added Component: Designator=Y1(XTAL_C3E-24.000-12-3030-R)
Add component (AddParameter): Name = "Availability"; Value = "Unavailable"; VariantName = "[No Variations]"
Add component (AddParameter): Name = "MF"; Value = ""; VariantName = "[No Variations]"
Add component (AddParameter): Name = "MP"; Value = "C3E-24.000-12-3030-R"; VariantName = "[No Variations]"
Add component (AddParameter): Name = "Package"; Value = "None"; VariantName = "[No Variations]"
Add component (AddParameter): Name = "Price"; Value = "None"; VariantName = "[No Variations]"
Add component (AddParameter): Name = "Value"; Value = ""; VariantName = "[No Variations]"
Added Component: Designator=Y2(XTAL_FC-135_32.7680KA-A0)
Add component (AddParameter): Name = "Check_prices"; Value = "https://www.snapeda.com/parts/FC-135%2032.7680KA-A0/EPSON/view-part/?ref=eda"; VariantName = "[No Variations]"
Add component (AddParameter): Name = "MF"; Value = "EPSON"; VariantName = "[No Variations]"
Add component (AddParameter): Name = "MP"; Value = "FC-135 32.7680KA-A0"; VariantName = "[No Variations]"
Add component (AddParameter): Name = "Package"; Value = "SMD-2 Epson"; VariantName = "[No Variations]"
Add component (AddParameter): Name = "SnapEDA_Link"; Value = "https://www.snapeda.com/parts/FC-135%2032.7680KA-A0/EPSON/view-part/?ref=snap"; VariantName = "[No Variations]"
Add component (AddParameter): Name = "Value"; Value = ""; VariantName = "[No Variations]"
Added Pin To Net: NetName=+3.3V Pin=C2-1
Added Pin To Net: NetName=+3.3V Pin=C9-1
Added Pin To Net: NetName=+3.3V Pin=C10-1
Added Pin To Net: NetName=+3.3V Pin=C12-1
Added Pin To Net: NetName=+3.3V Pin=C14-1
Added Pin To Net: NetName=+3.3V Pin=C15-1
Added Pin To Net: NetName=+3.3V Pin=C16-1
Added Pin To Net: NetName=+3.3V Pin=C17-1
Added Pin To Net: NetName=+3.3V Pin=C18-1
Added Pin To Net: NetName=+3.3V Pin=C19-1
Added Pin To Net: NetName=+3.3V Pin=C20-1
Added Pin To Net: NetName=+3.3V Pin=C21-1
Added Pin To Net: NetName=+3.3V Pin=C22-1
Added Pin To Net: NetName=+3.3V Pin=J1-1
Added Pin To Net: NetName=+3.3V Pin=MK1-2
Added Pin To Net: NetName=+3.3V Pin=MK1-5
Added Pin To Net: NetName=+3.3V Pin=MK2-3
Added Pin To Net: NetName=+3.3V Pin=POWER1-A
Added Pin To Net: NetName=+3.3V Pin=SD Card1-P4
Added Pin To Net: NetName=+3.3V Pin=TP3-TP?
Added Pin To Net: NetName=+3.3V Pin=U1-11
Added Pin To Net: NetName=+3.3V Pin=U1-20
Added Pin To Net: NetName=+3.3V Pin=U1-21
Added Pin To Net: NetName=+3.3V Pin=U1-27
Added Pin To Net: NetName=+3.3V Pin=U1-50
Added Pin To Net: NetName=+3.3V Pin=U1-75
Added Pin To Net: NetName=+3.3V Pin=U1-100
Added Pin To Net: NetName=+3.3V Pin=U2-2
Added Net: Name=+3.3V
Added Pin To Net: NetName=+5V Pin=C11-1
Added Pin To Net: NetName=+5V Pin=C13-1
Added Pin To Net: NetName=+5V Pin=J2-A4_B9
Added Pin To Net: NetName=+5V Pin=J2-B4_A9
Added Pin To Net: NetName=+5V Pin=TP2-TP?
Added Pin To Net: NetName=+5V Pin=U2-3
Added Net: Name=+5V
Added Pin To Net: NetName=BOOT0 Pin=J1-2
Added Pin To Net: NetName=BOOT0 Pin=R1-2
Added Pin To Net: NetName=BOOT0 Pin=U1-94
Added Net: Name=BOOT0
Added Pin To Net: NetName=GND Pin=C1-1
Added Pin To Net: NetName=GND Pin=C2-2
Added Pin To Net: NetName=GND Pin=C3-1
Added Pin To Net: NetName=GND Pin=C4-2
Added Pin To Net: NetName=GND Pin=C5-2
Added Pin To Net: NetName=GND Pin=C6-2
Added Pin To Net: NetName=GND Pin=C7-2
Added Pin To Net: NetName=GND Pin=C8-2
Added Pin To Net: NetName=GND Pin=C9-2
Added Pin To Net: NetName=GND Pin=C10-2
Added Pin To Net: NetName=GND Pin=C11-2
Added Pin To Net: NetName=GND Pin=C12-2
Added Pin To Net: NetName=GND Pin=C13-2
Added Pin To Net: NetName=GND Pin=C14-2
Added Pin To Net: NetName=GND Pin=C15-2
Added Pin To Net: NetName=GND Pin=C16-2
Added Pin To Net: NetName=GND Pin=C17-2
Added Pin To Net: NetName=GND Pin=C18-2
Added Pin To Net: NetName=GND Pin=C19-2
Added Pin To Net: NetName=GND Pin=C20-2
Added Pin To Net: NetName=GND Pin=C21-2
Added Pin To Net: NetName=GND Pin=C22-2
Added Pin To Net: NetName=GND Pin=J2-A1_B12
Added Pin To Net: NetName=GND Pin=J2-B1_A12
Added Pin To Net: NetName=GND Pin=J2-S1
Added Pin To Net: NetName=GND Pin=J2-S2
Added Pin To Net: NetName=GND Pin=J2-S3
Added Pin To Net: NetName=GND Pin=J2-S4
Added Pin To Net: NetName=GND Pin=MK1-3
Added Pin To Net: NetName=GND Pin=MK2-2
Added Pin To Net: NetName=GND Pin=MK2-5
Added Pin To Net: NetName=GND Pin=R1-1
Added Pin To Net: NetName=GND Pin=R2-1
Added Pin To Net: NetName=GND Pin=R3-2
Added Pin To Net: NetName=GND Pin=R4-2
Added Pin To Net: NetName=GND Pin=R5-1
Added Pin To Net: NetName=GND Pin=RST1-3
Added Pin To Net: NetName=GND Pin=SD Card1-P6
Added Pin To Net: NetName=GND Pin=SD Card1-SH1
Added Pin To Net: NetName=GND Pin=SD Card1-SH2
Added Pin To Net: NetName=GND Pin=SD Card1-SH3
Added Pin To Net: NetName=GND Pin=SD Card1-SH4
Added Pin To Net: NetName=GND Pin=TP4-TP?
Added Pin To Net: NetName=GND Pin=U1-10
Added Pin To Net: NetName=GND Pin=U1-19
Added Pin To Net: NetName=GND Pin=U1-26
Added Pin To Net: NetName=GND Pin=U1-49
Added Pin To Net: NetName=GND Pin=U1-74
Added Pin To Net: NetName=GND Pin=U1-99
Added Pin To Net: NetName=GND Pin=U2-1
Added Pin To Net: NetName=GND Pin=Y1-2
Added Pin To Net: NetName=GND Pin=Y1-4
Added Net: Name=GND
Added Pin To Net: NetName=LedResult Pin=RESULT1-A
Added Pin To Net: NetName=LedResult Pin=U1-36
Added Net: Name=LedResult
Added Pin To Net: NetName=NetC4_1 Pin=C4-1
Added Pin To Net: NetName=NetC4_1 Pin=RST1-2
Added Pin To Net: NetName=NetC4_1 Pin=U1-14
Added Net: Name=NetC4_1
Added Pin To Net: NetName=NetPOWER1_C Pin=POWER1-C
Added Pin To Net: NetName=NetPOWER1_C Pin=R2-2
Added Net: Name=NetPOWER1_C
Added Pin To Net: NetName=NetR5_2 Pin=R5-2
Added Pin To Net: NetName=NetR5_2 Pin=RESULT1-C
Added Net: Name=NetR5_2
Added Pin To Net: NetName=PC15-OSC32-IN Pin=C7-1
Added Pin To Net: NetName=PC15-OSC32-IN Pin=U1-8
Added Pin To Net: NetName=PC15-OSC32-IN Pin=Y2-2
Added Net: Name=PC15-OSC32-IN
Added Pin To Net: NetName=PC15-OSC32-OUT Pin=C8-1
Added Pin To Net: NetName=PC15-OSC32-OUT Pin=U1-9
Added Pin To Net: NetName=PC15-OSC32-OUT Pin=Y2-1
Added Net: Name=PC15-OSC32-OUT
Added Pin To Net: NetName=PH0-OSC-IN Pin=C5-1
Added Pin To Net: NetName=PH0-OSC-IN Pin=U1-12
Added Pin To Net: NetName=PH0-OSC-IN Pin=Y1-1
Added Net: Name=PH0-OSC-IN
Added Pin To Net: NetName=PH1-OSC_OUT Pin=C6-1
Added Pin To Net: NetName=PH1-OSC_OUT Pin=U1-13
Added Pin To Net: NetName=PH1-OSC_OUT Pin=Y1-3
Added Net: Name=PH1-OSC_OUT
Added Pin To Net: NetName=SCK Pin=MK1-4
Added Pin To Net: NetName=SCK Pin=MK2-4
Added Pin To Net: NetName=SCK Pin=U1-29
Added Net: Name=SCK
Added Pin To Net: NetName=SDIO_CLK Pin=SD Card1-P5
Added Pin To Net: NetName=SDIO_CLK Pin=U1-80
Added Net: Name=SDIO_CLK
Added Pin To Net: NetName=SDIO_CMD Pin=SD Card1-P3
Added Pin To Net: NetName=SDIO_CMD Pin=U1-83
Added Net: Name=SDIO_CMD
Added Pin To Net: NetName=SDIO_D0 Pin=SD Card1-P7
Added Pin To Net: NetName=SDIO_D0 Pin=U1-65
Added Net: Name=SDIO_D0
Added Pin To Net: NetName=SDIO_D1 Pin=SD Card1-P8
Added Pin To Net: NetName=SDIO_D1 Pin=U1-66
Added Net: Name=SDIO_D1
Added Pin To Net: NetName=SDIO_D2 Pin=SD Card1-P1
Added Pin To Net: NetName=SDIO_D2 Pin=U1-78
Added Net: Name=SDIO_D2
Added Pin To Net: NetName=SDIO_D3 Pin=SD Card1-P2
Added Pin To Net: NetName=SDIO_D3 Pin=U1-79
Added Net: Name=SDIO_D3
Added Pin To Net: NetName=SDIO_NCD Pin=SD Card1-P9
Added Pin To Net: NetName=SDIO_NCD Pin=U1-17
Added Net: Name=SDIO_NCD
Added Pin To Net: NetName=SDI Pin=MK1-6
Added Pin To Net: NetName=SDI Pin=MK2-6
Added Pin To Net: NetName=SDI Pin=U1-30
Added Net: Name=SDI
Added Pin To Net: NetName=USB_CC1 Pin=J2-A5
Added Pin To Net: NetName=USB_CC1 Pin=R3-1
Added Net: Name=USB_CC1
Added Pin To Net: NetName=USB_CC2 Pin=J2-B5
Added Pin To Net: NetName=USB_CC2 Pin=R4-1
Added Net: Name=USB_CC2
Added Pin To Net: NetName=USB_N Pin=J2-A7
Added Pin To Net: NetName=USB_N Pin=J2-B7
Added Pin To Net: NetName=USB_N Pin=U1-70
Added Net: Name=USB_N
Added Pin To Net: NetName=USB_P Pin=J2-A6
Added Pin To Net: NetName=USB_P Pin=J2-B6
Added Pin To Net: NetName=USB_P Pin=U1-71
Added Net: Name=USB_P
Added Pin To Net: NetName=VCAP1 Pin=C1-2
Added Pin To Net: NetName=VCAP1 Pin=U1-48
Added Net: Name=VCAP1
Added Pin To Net: NetName=VCAP2 Pin=C3-2
Added Pin To Net: NetName=VCAP2 Pin=U1-73
Added Net: Name=VCAP2
Added Pin To Net: NetName=WS Pin=MK1-1
Added Pin To Net: NetName=WS Pin=MK2-1
Added Pin To Net: NetName=WS Pin=U1-28
Added Net: Name=WS
Added Class: Name=Sheet3
Added Differential Pair: Name=USB
Added Rule: Name=Schematic Supply Nets
Added Rule: Name=Schematic Supply Nets_1
Added Rule: Name=Schematic Supply Nets_2
