Change Physical Footprint: Designator=C1 Old Footprint=CAPC2012X94N New Footprint=CAPC2012X94N
Change Physical Footprint: Designator=C2 Old Footprint=CAPC2012X94N New Footprint=CAPC2012X94N
Change Physical Footprint: Designator=C3 Old Footprint=CAPC2012X94N New Footprint=CAPC2012X94N
Change Physical Footprint: Designator=C4 Old Footprint=CAPC2012X94N New Footprint=CAPC2012X94N
Change Physical Footprint: Designator=C5 Old Footprint=CAPC2012X94N New Footprint=CAPC2012X94N
Change Physical Footprint: Designator=C6 Old Footprint=CAPC2012X94N New Footprint=CAPC2012X94N
Change Physical Footprint: Designator=C7 Old Footprint=CAPC2012X94N New Footprint=CAPC2012X94N
Change Physical Footprint: Designator=C8 Old Footprint=CAPC2012X94N New Footprint=CAPC2012X94N
Change Physical Footprint: Designator=C9 Old Footprint=CAPC2012X94N New Footprint=CAPC2012X94N
Change Physical Footprint: Designator=C10 Old Footprint=CAPC2012X94N New Footprint=CAPC2012X94N
Change Physical Footprint: Designator=C11 Old Footprint=CAPC2012X94N New Footprint=CAPC2012X94N
Change Physical Footprint: Designator=C12 Old Footprint=CAPC2012X94N New Footprint=CAPC2012X94N
Change Physical Footprint: Designator=C13 Old Footprint=CAPC2012X94N New Footprint=CAPC2012X94N
Change Physical Footprint: Designator=C14 Old Footprint=CAPC2012X94N New Footprint=CAPC2012X94N
Change Physical Footprint: Designator=C15 Old Footprint=CAPC2012X94N New Footprint=CAPC2012X94N
Change Physical Footprint: Designator=C16 Old Footprint=CAPC2012X94N New Footprint=CAPC2012X94N
Change Physical Footprint: Designator=C17 Old Footprint=CAPC2012X94N New Footprint=CAPC2012X94N
Change Physical Footprint: Designator=C18 Old Footprint=CAPC2012X94N New Footprint=CAPC2012X94N
Change Physical Footprint: Designator=C19 Old Footprint=CAPC2012X94N New Footprint=CAPC2012X94N
Change Physical Footprint: Designator=C20 Old Footprint=CAPC2012X94N New Footprint=CAPC2012X94N
Change Physical Footprint: Designator=C21 Old Footprint=CAPC2012X94N New Footprint=CAPC2012X94N
Change Physical Footprint: Designator=C22 Old Footprint=CAPC2012X94N New Footprint=CAPC2012X94N
Change Physical Footprint: Designator=J1 Old Footprint=TE_3-644456-2 New Footprint=TE_3-644456-2
Change Physical Footprint: Designator=J2 Old Footprint=HRO_TYPE-C-31-M-12 New Footprint=HRO_TYPE-C-31-M-12
Change Physical Footprint: Designator=MK1 Old Footprint=MIC_ICS-43434 New Footprint=MIC_ICS-43434
Change Physical Footprint: Designator=MK2 Old Footprint=MIC_ICS-43434 New Footprint=MIC_ICS-43434
Change Physical Footprint: Designator=POWER1 Old Footprint=LEDC2012X70N New Footprint=LEDC2012X70N
Change Physical Footprint: Designator=R1 Old Footprint=RES_ERJU06J203V New Footprint=RES_ERJU06J203V
Change Physical Footprint: Designator=R2 Old Footprint=RES_ERJU06J203V New Footprint=RES_ERJU06J203V
Change Physical Footprint: Designator=R3 Old Footprint=RES_ERJU06J203V New Footprint=RES_ERJU06J203V
Change Physical Footprint: Designator=R4 Old Footprint=RES_ERJU06J203V New Footprint=RES_ERJU06J203V
Change Physical Footprint: Designator=R5 Old Footprint=RES_ERJU06J203V New Footprint=RES_ERJU06J203V
Change Physical Footprint: Designator=RESULT1 Old Footprint=LEDC2012X70N New Footprint=LEDC2012X70N
Change Physical Footprint: Designator=RST1 Old Footprint=Button2PSMD New Footprint=Button2PSMD
Change Physical Footprint: Designator=SD Card1 Old Footprint=GCT_MEM2075-00-140-01-A New Footprint=GCT_MEM2075-00-140-01-A
Change Physical Footprint: Designator=TP2 Old Footprint=PCBComponent_1 New Footprint=PCBComponent_1
Change Physical Footprint: Designator=TP3 Old Footprint=PCBComponent_1 New Footprint=PCBComponent_1
Change Physical Footprint: Designator=U1 Old Footprint=QFP50P1600X1600X160-100N New Footprint=QFP50P1600X1600X160-100N
Change Physical Footprint: Designator=U2 Old Footprint=SOT229P700X180-4N New Footprint=SOT229P700X180-4N
Change Physical Footprint: Designator=Y1 Old Footprint=XTAL_C3E-24.000-12-3030-R New Footprint=XTAL_C3E-24.000-12-3030-R
Change Physical Footprint: Designator=Y2 Old Footprint=XTAL_FC-135_32.7680KA-A0 New Footprint=XTAL_FC-135_32.7680KA-A0
